2025/06/13 16:53:47 - mmengine - INFO - 
------------------------------------------------------------
System environment:
    sys.platform: linux
    Python: 3.8.19 (default, Mar 20 2024, 19:58:24) [GCC 11.2.0]
    CUDA available: True
    MUSA available: False
    numpy_random_seed: 192852484
    GPU 0: NVIDIA GeForce RTX 2080 Ti
    CUDA_HOME: /usr
    NVCC: Cuda compilation tools, release 11.5, V11.5.119
    GCC: n/a
    PyTorch: 2.0.0+cu118
    PyTorch compiling details: PyTorch built with:
  - GCC 9.3
  - C++ Version: 201703
  - Intel(R) oneAPI Math Kernel Library Version 2022.2-Product Build 20220804 for Intel(R) 64 architecture applications
  - Intel(R) MKL-DNN v2.7.3 (Git Hash 6dbeffbae1f23cbbeae17adb7b5b13f1f37c080e)
  - OpenMP 201511 (a.k.a. OpenMP 4.5)
  - LAPACK is enabled (usually provided by MKL)
  - NNPACK is enabled
  - CPU capability usage: AVX2
  - CUDA Runtime 11.8
  - NVCC architecture flags: -gencode;arch=compute_37,code=sm_37;-gencode;arch=compute_50,code=sm_50;-gencode;arch=compute_60,code=sm_60;-gencode;arch=compute_70,code=sm_70;-gencode;arch=compute_75,code=sm_75;-gencode;arch=compute_80,code=sm_80;-gencode;arch=compute_86,code=sm_86;-gencode;arch=compute_90,code=sm_90
  - CuDNN 8.7
  - Magma 2.6.1
  - Build settings: BLAS_INFO=mkl, BUILD_TYPE=Release, CUDA_VERSION=11.8, CUDNN_VERSION=8.7.0, CXX_COMPILER=/opt/rh/devtoolset-9/root/usr/bin/c++, CXX_FLAGS= -D_GLIBCXX_USE_CXX11_ABI=0 -fabi-version=11 -Wno-deprecated -fvisibility-inlines-hidden -DUSE_PTHREADPOOL -DNDEBUG -DUSE_KINETO -DLIBKINETO_NOROCTRACER -DUSE_FBGEMM -DUSE_QNNPACK -DUSE_PYTORCH_QNNPACK -DUSE_XNNPACK -DSYMBOLICATE_MOBILE_DEBUG_HANDLE -O2 -fPIC -Wall -Wextra -Werror=return-type -Werror=non-virtual-dtor -Werror=bool-operation -Wnarrowing -Wno-missing-field-initializers -Wno-type-limits -Wno-array-bounds -Wno-unknown-pragmas -Wunused-local-typedefs -Wno-unused-parameter -Wno-unused-function -Wno-unused-result -Wno-strict-overflow -Wno-strict-aliasing -Wno-error=deprecated-declarations -Wno-stringop-overflow -Wno-psabi -Wno-error=pedantic -Wno-error=redundant-decls -Wno-error=old-style-cast -fdiagnostics-color=always -faligned-new -Wno-unused-but-set-variable -Wno-maybe-uninitialized -fno-math-errno -fno-trapping-math -Werror=format -Werror=cast-function-type -Wno-stringop-overflow, LAPACK_INFO=mkl, PERF_WITH_AVX=1, PERF_WITH_AVX2=1, PERF_WITH_AVX512=1, TORCH_DISABLE_GPU_ASSERTS=ON, TORCH_VERSION=2.0.0, USE_CUDA=ON, USE_CUDNN=ON, USE_EXCEPTION_PTR=1, USE_GFLAGS=OFF, USE_GLOG=OFF, USE_MKL=ON, USE_MKLDNN=ON, USE_MPI=OFF, USE_NCCL=1, USE_NNPACK=ON, USE_OPENMP=ON, USE_ROCM=OFF, 

    TorchVision: 0.15.1+cu118
    OpenCV: 4.10.0
    MMEngine: 0.10.4

Runtime environment:
    cudnn_benchmark: False
    mp_cfg: {'mp_start_method': 'fork', 'opencv_num_threads': 0}
    dist_cfg: {'backend': 'nccl'}
    seed: 192852484
    deterministic: False
    Distributed launcher: pytorch
    Distributed training: True
    GPU number: 1
------------------------------------------------------------

2025/06/13 16:53:48 - mmengine - INFO - Config:
auto_scale_lr = dict(base_batch_size=128)
data_preprocessor = dict(
    mean=[
        125.307,
        122.961,
        113.8575,
    ],
    num_classes=31,
    std=[
        51.5865,
        50.847,
        51.255,
    ],
    to_rgb=False)
dataset_type = 'AV_KS_Dataset'
default_hooks = dict(
    checkpoint=dict(interval=1, type='CheckpointHook'),
    logger=dict(interval=20, type='LoggerHook'),
    param_scheduler=dict(type='ParamSchedulerHook'),
    sampler_seed=dict(type='DistSamplerSeedHook'),
    timer=dict(type='IterTimerHook'),
    visualization=dict(enable=False, type='VisualizationHook'))
default_scope = 'mmpretrain'
env_cfg = dict(
    cudnn_benchmark=False,
    dist_cfg=dict(backend='nccl'),
    mp_cfg=dict(mp_start_method='fork', opencv_num_threads=0))
find_unused_parameters = True
launcher = 'pytorch'
load_from = None
log_level = 'INFO'
model = dict(
    backbone=dict(
        depth=18,
        init_cfg=dict(
            prefix='backbone',
            ),
        num_stages=4,
        out_indices=(3, ),
        style='pytorch',
        type='ResNet'),
    head=dict(
        in_channels=512,
        loss=dict(loss_weight=1.0, type='CrossEntropyLoss'),
        num_classes=31,
        topk=(
            1,
            5,
        ),
        type='LinearClsHead'),
    neck=dict(type='GlobalAveragePooling'),
    type='ImageClassifier')
optim_wrapper = dict(
    optimizer=dict(lr=0.001, momentum=0.9, type='SGD', weight_decay=0.0001))
param_scheduler = dict(
    by_epoch=True, gamma=0.1, milestones=[
        100,
        150,
    ], type='MultiStepLR')
randomness = dict(deterministic=False, seed=None)
resume = False
test_cfg = dict()
test_dataloader = dict(
    batch_size=16,
    collate_fn=dict(type='default_collate'),
    dataset=dict(
        ann_file='/root/dataset/ks/val_list.txt',
        classes=[
            'blowing_nose',
            'blowing_out_candles',
            'bowling',
            'chopping_wood',
            'dribbling_basketball',
            'finger_snapping',
            'laughing',
            'mowing_lawn',
            'playing_accordion',
            'playing_bagpipes',
            'playing_bass_guitar',
            'playing_clarinet',
            'playing_drums',
            'playing_guitar',
            'playing_harmonica',
            'playing_keyboard',
            'playing_organ',
            'playing_piano',
            'playing_saxophone',
            'playing_trombone',
            'playing_trumpet',
            'playing_violin',
            'playing_xylophone',
            'ripping_paper',
            'shoveling_snow',
            'shuffling_cards',
            'singing',
            'tap_dancing',
            'tapping_guitar',
            'tapping_pen',
            'tickling',
        ],
        data_root='/root/dataset/ks/image/val',
        pipeline=[
            dict(type='MyLoadImageFromFile'),
            dict(scale=224, type='RandomResizedCrop'),
            dict(type='PackInputs'),
        ],
        split='test',
        type='AV_KS_Dataset'),
    num_workers=2,
    persistent_workers=True,
    pin_memory=True,
    sampler=dict(shuffle=False, type='DefaultSampler'))
test_evaluator = dict(topk=(1, ), type='Accuracy')
test_pipeline = [
    dict(type='MyLoadImageFromFile'),
    dict(scale=224, type='RandomResizedCrop'),
    dict(type='PackInputs'),
]
train_cfg = dict(by_epoch=True, max_epochs=30, val_interval=1)
train_dataloader = dict(
    batch_size=128,
    collate_fn=dict(type='default_collate'),
    dataset=dict(
        ann_file='/root/dataset/ks/train_list.txt',
        classes=[
            'blowing_nose',
            'blowing_out_candles',
            'bowling',
            'chopping_wood',
            'dribbling_basketball',
            'finger_snapping',
            'laughing',
            'mowing_lawn',
            'playing_accordion',
            'playing_bagpipes',
            'playing_bass_guitar',
            'playing_clarinet',
            'playing_drums',
            'playing_guitar',
            'playing_harmonica',
            'playing_keyboard',
            'playing_organ',
            'playing_piano',
            'playing_saxophone',
            'playing_trombone',
            'playing_trumpet',
            'playing_violin',
            'playing_xylophone',
            'ripping_paper',
            'shoveling_snow',
            'shuffling_cards',
            'singing',
            'tap_dancing',
            'tapping_guitar',
            'tapping_pen',
            'tickling',
        ],
        data_root='/root/dataset/ks/image/train',
        pipeline=[
            dict(type='MyLoadImageFromFile'),
            dict(scale=224, type='RandomResizedCrop'),
            dict(type='PackInputs'),
        ],
        split='train',
        type='AV_KS_Dataset'),
    num_workers=2,
    persistent_workers=True,
    pin_memory=True,
    sampler=dict(shuffle=True, type='DefaultSampler'))
train_pipeline = [
    dict(type='MyLoadImageFromFile'),
    dict(scale=224, type='RandomResizedCrop'),
    dict(type='PackInputs'),
]
val_cfg = dict()
val_dataloader = dict(
    batch_size=16,
    collate_fn=dict(type='default_collate'),
    dataset=dict(
        ann_file='/root/dataset/ks/val_list.txt',
        classes=[
            'blowing_nose',
            'blowing_out_candles',
            'bowling',
            'chopping_wood',
            'dribbling_basketball',
            'finger_snapping',
            'laughing',
            'mowing_lawn',
            'playing_accordion',
            'playing_bagpipes',
            'playing_bass_guitar',
            'playing_clarinet',
            'playing_drums',
            'playing_guitar',
            'playing_harmonica',
            'playing_keyboard',
            'playing_organ',
            'playing_piano',
            'playing_saxophone',
            'playing_trombone',
            'playing_trumpet',
            'playing_violin',
            'playing_xylophone',
            'ripping_paper',
            'shoveling_snow',
            'shuffling_cards',
            'singing',
            'tap_dancing',
            'tapping_guitar',
            'tapping_pen',
            'tickling',
        ],
        data_root='/root/dataset/ks/image/val',
        pipeline=[
            dict(type='MyLoadImageFromFile'),
            dict(scale=224, type='RandomResizedCrop'),
            dict(type='PackInputs'),
        ],
        split='test',
        type='AV_KS_Dataset'),
    num_workers=2,
    persistent_workers=True,
    pin_memory=True,
    sampler=dict(shuffle=False, type='DefaultSampler'))
val_evaluator = dict(topk=(1, ), type='Accuracy')
vis_backends = [
    dict(type='LocalVisBackend'),
]
visualizer = dict(
    type='UniversalVisualizer', vis_backends=[
        dict(type='LocalVisBackend'),
    ])
work_dir = './work_dirs/resnet18_ks'

2025/06/13 16:53:49 - mmengine - INFO - Hooks will be executed in the following order:
before_run:
(VERY_HIGH   ) RuntimeInfoHook                    
(BELOW_NORMAL) LoggerHook                         
 -------------------- 
before_train:
(VERY_HIGH   ) RuntimeInfoHook                    
(NORMAL      ) IterTimerHook                      
(VERY_LOW    ) CheckpointHook                     
 -------------------- 
before_train_epoch:
(VERY_HIGH   ) RuntimeInfoHook                    
(NORMAL      ) IterTimerHook                      
(NORMAL      ) DistSamplerSeedHook                
 -------------------- 
before_train_iter:
(VERY_HIGH   ) RuntimeInfoHook                    
(NORMAL      ) IterTimerHook                      
 -------------------- 
after_train_iter:
(VERY_HIGH   ) RuntimeInfoHook                    
(NORMAL      ) IterTimerHook                      
(BELOW_NORMAL) LoggerHook                         
(LOW         ) ParamSchedulerHook                 
(VERY_LOW    ) CheckpointHook                     
 -------------------- 
after_train_epoch:
(NORMAL      ) IterTimerHook                      
(LOW         ) ParamSchedulerHook                 
(VERY_LOW    ) CheckpointHook                     
 -------------------- 
before_val:
(VERY_HIGH   ) RuntimeInfoHook                    
 -------------------- 
before_val_epoch:
(NORMAL      ) IterTimerHook                      
 -------------------- 
before_val_iter:
(NORMAL      ) IterTimerHook                      
 -------------------- 
after_val_iter:
(NORMAL      ) IterTimerHook                      
(NORMAL      ) VisualizationHook                  
(BELOW_NORMAL) LoggerHook                         
 -------------------- 
after_val_epoch:
(VERY_HIGH   ) RuntimeInfoHook                    
(NORMAL      ) IterTimerHook                      
(BELOW_NORMAL) LoggerHook                         
(LOW         ) ParamSchedulerHook                 
(VERY_LOW    ) CheckpointHook                     
 -------------------- 
after_val:
(VERY_HIGH   ) RuntimeInfoHook                    
 -------------------- 
after_train:
(VERY_HIGH   ) RuntimeInfoHook                    
(VERY_LOW    ) CheckpointHook                     
 -------------------- 
before_test:
(VERY_HIGH   ) RuntimeInfoHook                    
 -------------------- 
before_test_epoch:
(NORMAL      ) IterTimerHook                      
 -------------------- 
before_test_iter:
(NORMAL      ) IterTimerHook                      
 -------------------- 
after_test_iter:
(NORMAL      ) IterTimerHook                      
(NORMAL      ) VisualizationHook                  
(BELOW_NORMAL) LoggerHook                         
 -------------------- 
after_test_epoch:
(VERY_HIGH   ) RuntimeInfoHook                    
(NORMAL      ) IterTimerHook                      
(BELOW_NORMAL) LoggerHook                         
 -------------------- 
after_test:
(VERY_HIGH   ) RuntimeInfoHook                    
 -------------------- 
after_run:
(BELOW_NORMAL) LoggerHook                         
 -------------------- 
2025/06/13 16:53:50 - mmengine - WARNING - "FileClient" will be deprecated in future. Please use io functions in https://mmengine.readthedocs.io/en/latest/api/fileio.html#file-io
2025/06/13 16:53:50 - mmengine - WARNING - "HardDiskBackend" is the alias of "LocalBackend" and the former will be deprecated in future.
2025/06/13 16:53:50 - mmengine - INFO - Checkpoints will be saved to /root/project/mmpretrain/work_dirs/resnet18_ks.
2025/06/13 16:54:02 - mmengine - INFO - Epoch(train)  [1][ 20/173]  lr: 1.0000e-03  eta: 0:52:04  time: 0.5277  data_time: 0.0008  memory: 10367  loss: 3.4180
2025/06/13 16:54:13 - mmengine - INFO - Epoch(train)  [1][ 40/173]  lr: 1.0000e-03  eta: 0:48:33  time: 0.5266  data_time: 0.0008  memory: 10367  loss: 3.3798
2025/06/13 16:54:23 - mmengine - INFO - Epoch(train)  [1][ 60/173]  lr: 1.0000e-03  eta: 0:47:13  time: 0.5258  data_time: 0.0008  memory: 10367  loss: 3.3453
2025/06/13 16:54:34 - mmengine - INFO - Epoch(train)  [1][ 80/173]  lr: 1.0000e-03  eta: 0:46:38  time: 0.5277  data_time: 0.0008  memory: 10367  loss: 3.3038
2025/06/13 16:54:45 - mmengine - INFO - Epoch(train)  [1][100/173]  lr: 1.0000e-03  eta: 0:46:12  time: 0.5344  data_time: 0.0009  memory: 10367  loss: 3.2627
2025/06/13 16:54:55 - mmengine - INFO - Epoch(train)  [1][120/173]  lr: 1.0000e-03  eta: 0:46:00  time: 0.5384  data_time: 0.0010  memory: 10367  loss: 3.2524
2025/06/13 16:55:06 - mmengine - INFO - Epoch(train)  [1][140/173]  lr: 1.0000e-03  eta: 0:45:43  time: 0.5424  data_time: 0.0011  memory: 10367  loss: 3.1903
2025/06/13 16:55:17 - mmengine - INFO - Epoch(train)  [1][160/173]  lr: 1.0000e-03  eta: 0:45:24  time: 0.5340  data_time: 0.0010  memory: 10367  loss: 3.1145
2025/06/13 16:55:23 - mmengine - INFO - Exp name: resnet18_ks_20250613_165346
2025/06/13 16:55:23 - mmengine - INFO - Saving checkpoint at 1 epochs
2025/06/13 16:55:25 - mmengine - INFO - Epoch(val)  [1][ 20/154]    eta: 0:00:08  time: 0.0549  data_time: 0.0014  memory: 10367  
2025/06/13 16:55:26 - mmengine - INFO - Epoch(val)  [1][ 40/154]    eta: 0:00:05  time: 0.0368  data_time: 0.0004  memory: 577  
2025/06/13 16:55:27 - mmengine - INFO - Epoch(val)  [1][ 60/154]    eta: 0:00:04  time: 0.0341  data_time: 0.0004  memory: 577  
2025/06/13 16:55:28 - mmengine - INFO - Epoch(val)  [1][ 80/154]    eta: 0:00:03  time: 0.0386  data_time: 0.0006  memory: 577  
2025/06/13 16:55:29 - mmengine - INFO - Epoch(val)  [1][100/154]    eta: 0:00:02  time: 0.0427  data_time: 0.0051  memory: 577  
2025/06/13 16:55:29 - mmengine - INFO - Epoch(val)  [1][120/154]    eta: 0:00:01  time: 0.0357  data_time: 0.0004  memory: 577  
2025/06/13 16:55:30 - mmengine - INFO - Epoch(val)  [1][140/154]    eta: 0:00:00  time: 0.0342  data_time: 0.0004  memory: 577  
2025/06/13 16:55:31 - mmengine - INFO - Epoch(val) [1][154/154]    accuracy/top1: 19.6421  data_time: 0.0032  time: 0.0420
2025/06/13 16:55:42 - mmengine - INFO - Epoch(train)  [2][ 20/173]  lr: 1.0000e-03  eta: 0:45:05  time: 0.5449  data_time: 0.0009  memory: 10367  loss: 2.9823
2025/06/13 16:55:53 - mmengine - INFO - Epoch(train)  [2][ 40/173]  lr: 1.0000e-03  eta: 0:44:52  time: 0.5391  data_time: 0.0014  memory: 10367  loss: 2.8794
2025/06/13 16:56:04 - mmengine - INFO - Epoch(train)  [2][ 60/173]  lr: 1.0000e-03  eta: 0:44:44  time: 0.5337  data_time: 0.0011  memory: 10367  loss: 2.7570
2025/06/13 16:56:14 - mmengine - INFO - Epoch(train)  [2][ 80/173]  lr: 1.0000e-03  eta: 0:44:28  time: 0.5275  data_time: 0.0009  memory: 10367  loss: 2.6848
2025/06/13 16:56:25 - mmengine - INFO - Epoch(train)  [2][100/173]  lr: 1.0000e-03  eta: 0:44:16  time: 0.5373  data_time: 0.0011  memory: 10367  loss: 2.5939
2025/06/13 16:56:36 - mmengine - INFO - Epoch(train)  [2][120/173]  lr: 1.0000e-03  eta: 0:44:06  time: 0.5345  data_time: 0.0010  memory: 10367  loss: 2.5050
2025/06/13 16:56:47 - mmengine - INFO - Epoch(train)  [2][140/173]  lr: 1.0000e-03  eta: 0:43:55  time: 0.5429  data_time: 0.0014  memory: 10367  loss: 2.4052
2025/06/13 16:56:58 - mmengine - INFO - Epoch(train)  [2][160/173]  lr: 1.0000e-03  eta: 0:43:48  time: 0.5534  data_time: 0.0016  memory: 10367  loss: 2.2597
2025/06/13 16:57:04 - mmengine - INFO - Exp name: resnet18_ks_20250613_165346
2025/06/13 16:57:04 - mmengine - INFO - Saving checkpoint at 2 epochs
2025/06/13 16:57:07 - mmengine - INFO - Epoch(val)  [2][ 20/154]    eta: 0:00:07  time: 0.0514  data_time: 0.0009  memory: 10367  
2025/06/13 16:57:08 - mmengine - INFO - Epoch(val)  [2][ 40/154]    eta: 0:00:06  time: 0.0490  data_time: 0.0007  memory: 577  
2025/06/13 16:57:09 - mmengine - INFO - Epoch(val)  [2][ 60/154]    eta: 0:00:04  time: 0.0447  data_time: 0.0004  memory: 577  
2025/06/13 16:57:09 - mmengine - INFO - Epoch(val)  [2][ 80/154]    eta: 0:00:03  time: 0.0377  data_time: 0.0005  memory: 577  
2025/06/13 16:57:10 - mmengine - INFO - Epoch(val)  [2][100/154]    eta: 0:00:02  time: 0.0471  data_time: 0.0007  memory: 577  
2025/06/13 16:57:11 - mmengine - INFO - Epoch(val)  [2][120/154]    eta: 0:00:01  time: 0.0403  data_time: 0.0005  memory: 577  
2025/06/13 16:57:12 - mmengine - INFO - Epoch(val)  [2][140/154]    eta: 0:00:00  time: 0.0359  data_time: 0.0004  memory: 577  
2025/06/13 16:57:13 - mmengine - INFO - Epoch(val) [2][154/154]    accuracy/top1: 21.0236  data_time: 0.0013  time: 0.0450
2025/06/13 16:57:24 - mmengine - INFO - Epoch(train)  [3][ 20/173]  lr: 1.0000e-03  eta: 0:43:35  time: 0.5475  data_time: 0.0023  memory: 10367  loss: 2.1639
2025/06/13 16:57:35 - mmengine - INFO - Epoch(train)  [3][ 40/173]  lr: 1.0000e-03  eta: 0:43:22  time: 0.5318  data_time: 0.0010  memory: 10367  loss: 2.1024
2025/06/13 16:57:45 - mmengine - INFO - Epoch(train)  [3][ 60/173]  lr: 1.0000e-03  eta: 0:43:11  time: 0.5411  data_time: 0.0012  memory: 10367  loss: 1.9945
2025/06/13 16:57:57 - mmengine - INFO - Epoch(train)  [3][ 80/173]  lr: 1.0000e-03  eta: 0:43:04  time: 0.5343  data_time: 0.0010  memory: 10367  loss: 1.9360
2025/06/13 16:58:07 - mmengine - INFO - Epoch(train)  [3][100/173]  lr: 1.0000e-03  eta: 0:42:53  time: 0.5369  data_time: 0.0009  memory: 10367  loss: 1.8556
2025/06/13 16:58:18 - mmengine - INFO - Epoch(train)  [3][120/173]  lr: 1.0000e-03  eta: 0:42:40  time: 0.5303  data_time: 0.0009  memory: 10367  loss: 1.8322
2025/06/13 16:58:29 - mmengine - INFO - Epoch(train)  [3][140/173]  lr: 1.0000e-03  eta: 0:42:28  time: 0.5343  data_time: 0.0011  memory: 10367  loss: 1.7951
2025/06/13 16:58:39 - mmengine - INFO - Epoch(train)  [3][160/173]  lr: 1.0000e-03  eta: 0:42:16  time: 0.5276  data_time: 0.0009  memory: 10367  loss: 1.7430
2025/06/13 16:58:46 - mmengine - INFO - Exp name: resnet18_ks_20250613_165346
2025/06/13 16:58:46 - mmengine - INFO - Saving checkpoint at 3 epochs
2025/06/13 16:58:48 - mmengine - INFO - Epoch(val)  [3][ 20/154]    eta: 0:00:06  time: 0.0459  data_time: 0.0009  memory: 10367  
2025/06/13 16:58:49 - mmengine - INFO - Epoch(val)  [3][ 40/154]    eta: 0:00:05  time: 0.0363  data_time: 0.0004  memory: 577  
2025/06/13 16:58:49 - mmengine - INFO - Epoch(val)  [3][ 60/154]    eta: 0:00:03  time: 0.0349  data_time: 0.0004  memory: 577  
2025/06/13 16:58:50 - mmengine - INFO - Epoch(val)  [3][ 80/154]    eta: 0:00:02  time: 0.0346  data_time: 0.0004  memory: 577  
2025/06/13 16:58:51 - mmengine - INFO - Epoch(val)  [3][100/154]    eta: 0:00:02  time: 0.0346  data_time: 0.0004  memory: 577  
2025/06/13 16:58:52 - mmengine - INFO - Epoch(val)  [3][120/154]    eta: 0:00:01  time: 0.0351  data_time: 0.0005  memory: 577  
2025/06/13 16:58:52 - mmengine - INFO - Epoch(val)  [3][140/154]    eta: 0:00:00  time: 0.0426  data_time: 0.0006  memory: 577  
2025/06/13 16:58:53 - mmengine - INFO - Epoch(val) [3][154/154]    accuracy/top1: 28.9150  data_time: 0.0013  time: 0.0391
2025/06/13 16:59:04 - mmengine - INFO - Epoch(train)  [4][ 20/173]  lr: 1.0000e-03  eta: 0:41:58  time: 0.5351  data_time: 0.0010  memory: 10367  loss: 1.6315
2025/06/13 16:59:15 - mmengine - INFO - Epoch(train)  [4][ 40/173]  lr: 1.0000e-03  eta: 0:41:46  time: 0.5359  data_time: 0.0011  memory: 10367  loss: 1.6609
2025/06/13 16:59:26 - mmengine - INFO - Epoch(train)  [4][ 60/173]  lr: 1.0000e-03  eta: 0:41:34  time: 0.5358  data_time: 0.0010  memory: 10367  loss: 1.5871
2025/06/13 16:59:36 - mmengine - INFO - Epoch(train)  [4][ 80/173]  lr: 1.0000e-03  eta: 0:41:22  time: 0.5260  data_time: 0.0009  memory: 10367  loss: 1.5275
2025/06/13 16:59:47 - mmengine - INFO - Epoch(train)  [4][100/173]  lr: 1.0000e-03  eta: 0:41:10  time: 0.5314  data_time: 0.0010  memory: 10367  loss: 1.4674
2025/06/13 16:59:58 - mmengine - INFO - Epoch(train)  [4][120/173]  lr: 1.0000e-03  eta: 0:40:59  time: 0.5399  data_time: 0.0010  memory: 10367  loss: 1.4878
2025/06/13 17:00:09 - mmengine - INFO - Epoch(train)  [4][140/173]  lr: 1.0000e-03  eta: 0:40:49  time: 0.5443  data_time: 0.0012  memory: 10367  loss: 1.4964
2025/06/13 17:00:19 - mmengine - INFO - Epoch(train)  [4][160/173]  lr: 1.0000e-03  eta: 0:40:39  time: 0.5495  data_time: 0.0012  memory: 10367  loss: 1.4207
2025/06/13 17:00:26 - mmengine - INFO - Exp name: resnet18_ks_20250613_165346
2025/06/13 17:00:26 - mmengine - INFO - Saving checkpoint at 4 epochs
2025/06/13 17:00:28 - mmengine - INFO - Epoch(val)  [4][ 20/154]    eta: 0:00:05  time: 0.0410  data_time: 0.0007  memory: 10367  
2025/06/13 17:00:29 - mmengine - INFO - Epoch(val)  [4][ 40/154]    eta: 0:00:05  time: 0.0492  data_time: 0.0008  memory: 577  
2025/06/13 17:00:29 - mmengine - INFO - Epoch(val)  [4][ 60/154]    eta: 0:00:04  time: 0.0458  data_time: 0.0008  memory: 577  
2025/06/13 17:00:30 - mmengine - INFO - Epoch(val)  [4][ 80/154]    eta: 0:00:03  time: 0.0523  data_time: 0.0012  memory: 577  
2025/06/13 17:00:31 - mmengine - INFO - Epoch(val)  [4][100/154]    eta: 0:00:02  time: 0.0424  data_time: 0.0009  memory: 577  
2025/06/13 17:00:32 - mmengine - INFO - Epoch(val)  [4][120/154]    eta: 0:00:01  time: 0.0343  data_time: 0.0004  memory: 577  
2025/06/13 17:00:33 - mmengine - INFO - Epoch(val)  [4][140/154]    eta: 0:00:00  time: 0.0345  data_time: 0.0004  memory: 577  
2025/06/13 17:00:33 - mmengine - INFO - Epoch(val) [4][154/154]    accuracy/top1: 36.1204  data_time: 0.0013  time: 0.0420
2025/06/13 17:00:45 - mmengine - INFO - Epoch(train)  [5][ 20/173]  lr: 1.0000e-03  eta: 0:40:21  time: 0.5415  data_time: 0.0011  memory: 10367  loss: 1.3961
2025/06/13 17:00:56 - mmengine - INFO - Epoch(train)  [5][ 40/173]  lr: 1.0000e-03  eta: 0:40:11  time: 0.5509  data_time: 0.0014  memory: 10367  loss: 1.3313
2025/06/13 17:01:07 - mmengine - INFO - Epoch(train)  [5][ 60/173]  lr: 1.0000e-03  eta: 0:40:01  time: 0.5396  data_time: 0.0014  memory: 10367  loss: 1.3284
2025/06/13 17:01:17 - mmengine - INFO - Epoch(train)  [5][ 80/173]  lr: 1.0000e-03  eta: 0:39:50  time: 0.5238  data_time: 0.0008  memory: 10367  loss: 1.3477
2025/06/13 17:01:28 - mmengine - INFO - Epoch(train)  [5][100/173]  lr: 1.0000e-03  eta: 0:39:37  time: 0.5246  data_time: 0.0008  memory: 10367  loss: 1.2920
2025/06/13 17:01:38 - mmengine - INFO - Epoch(train)  [5][120/173]  lr: 1.0000e-03  eta: 0:39:24  time: 0.5243  data_time: 0.0008  memory: 10367  loss: 1.3101
2025/06/13 17:01:49 - mmengine - INFO - Epoch(train)  [5][140/173]  lr: 1.0000e-03  eta: 0:39:13  time: 0.5358  data_time: 0.0010  memory: 10367  loss: 1.2770
2025/06/13 17:01:59 - mmengine - INFO - Epoch(train)  [5][160/173]  lr: 1.0000e-03  eta: 0:39:01  time: 0.5246  data_time: 0.0008  memory: 10367  loss: 1.3068
2025/06/13 17:02:06 - mmengine - INFO - Exp name: resnet18_ks_20250613_165346
2025/06/13 17:02:06 - mmengine - INFO - Saving checkpoint at 5 epochs
2025/06/13 17:02:08 - mmengine - INFO - Epoch(val)  [5][ 20/154]    eta: 0:00:07  time: 0.0553  data_time: 0.0020  memory: 10367  
2025/06/13 17:02:09 - mmengine - INFO - Epoch(val)  [5][ 40/154]    eta: 0:00:05  time: 0.0488  data_time: 0.0006  memory: 577  
2025/06/13 17:02:10 - mmengine - INFO - Epoch(val)  [5][ 60/154]    eta: 0:00:04  time: 0.0350  data_time: 0.0004  memory: 577  
2025/06/13 17:02:10 - mmengine - INFO - Epoch(val)  [5][ 80/154]    eta: 0:00:03  time: 0.0340  data_time: 0.0004  memory: 577  
2025/06/13 17:02:11 - mmengine - INFO - Epoch(val)  [5][100/154]    eta: 0:00:02  time: 0.0373  data_time: 0.0004  memory: 577  
2025/06/13 17:02:12 - mmengine - INFO - Epoch(val)  [5][120/154]    eta: 0:00:01  time: 0.0381  data_time: 0.0005  memory: 577  
2025/06/13 17:02:13 - mmengine - INFO - Epoch(val)  [5][140/154]    eta: 0:00:00  time: 0.0347  data_time: 0.0004  memory: 577  
2025/06/13 17:02:13 - mmengine - INFO - Epoch(val) [5][154/154]    accuracy/top1: 50.6824  data_time: 0.0013  time: 0.0398
2025/06/13 17:02:24 - mmengine - INFO - Epoch(train)  [6][ 20/173]  lr: 1.0000e-03  eta: 0:38:42  time: 0.5241  data_time: 0.0008  memory: 10367  loss: 1.2330
2025/06/13 17:02:35 - mmengine - INFO - Epoch(train)  [6][ 40/173]  lr: 1.0000e-03  eta: 0:38:30  time: 0.5247  data_time: 0.0009  memory: 10367  loss: 1.1977
2025/06/13 17:02:45 - mmengine - INFO - Epoch(train)  [6][ 60/173]  lr: 1.0000e-03  eta: 0:38:18  time: 0.5418  data_time: 0.0010  memory: 10367  loss: 1.2532
2025/06/13 17:02:56 - mmengine - INFO - Epoch(train)  [6][ 80/173]  lr: 1.0000e-03  eta: 0:38:06  time: 0.5257  data_time: 0.0008  memory: 10367  loss: 1.2103
2025/06/13 17:03:06 - mmengine - INFO - Epoch(train)  [6][100/173]  lr: 1.0000e-03  eta: 0:37:54  time: 0.5252  data_time: 0.0008  memory: 10367  loss: 1.1937
2025/06/13 17:03:17 - mmengine - INFO - Epoch(train)  [6][120/173]  lr: 1.0000e-03  eta: 0:37:43  time: 0.5341  data_time: 0.0010  memory: 10367  loss: 1.1902
2025/06/13 17:03:25 - mmengine - INFO - Exp name: resnet18_ks_20250613_165346
2025/06/13 17:03:27 - mmengine - INFO - Epoch(train)  [6][140/173]  lr: 1.0000e-03  eta: 0:37:32  time: 0.5315  data_time: 0.0012  memory: 10367  loss: 1.1442
2025/06/13 17:03:38 - mmengine - INFO - Epoch(train)  [6][160/173]  lr: 1.0000e-03  eta: 0:37:21  time: 0.5301  data_time: 0.0010  memory: 10367  loss: 1.1717
2025/06/13 17:03:45 - mmengine - INFO - Exp name: resnet18_ks_20250613_165346
2025/06/13 17:03:45 - mmengine - INFO - Saving checkpoint at 6 epochs
2025/06/13 17:03:47 - mmengine - INFO - Epoch(val)  [6][ 20/154]    eta: 0:00:07  time: 0.0608  data_time: 0.0011  memory: 10367  
2025/06/13 17:03:48 - mmengine - INFO - Epoch(val)  [6][ 40/154]    eta: 0:00:05  time: 0.0356  data_time: 0.0004  memory: 577  
2025/06/13 17:03:48 - mmengine - INFO - Epoch(val)  [6][ 60/154]    eta: 0:00:04  time: 0.0358  data_time: 0.0004  memory: 577  
2025/06/13 17:03:49 - mmengine - INFO - Epoch(val)  [6][ 80/154]    eta: 0:00:03  time: 0.0358  data_time: 0.0004  memory: 577  
2025/06/13 17:03:50 - mmengine - INFO - Epoch(val)  [6][100/154]    eta: 0:00:02  time: 0.0352  data_time: 0.0004  memory: 577  
2025/06/13 17:03:51 - mmengine - INFO - Epoch(val)  [6][120/154]    eta: 0:00:01  time: 0.0361  data_time: 0.0004  memory: 577  
2025/06/13 17:03:51 - mmengine - INFO - Epoch(val)  [6][140/154]    eta: 0:00:00  time: 0.0356  data_time: 0.0004  memory: 577  
2025/06/13 17:03:52 - mmengine - INFO - Epoch(val) [6][154/154]    accuracy/top1: 53.3591  data_time: 0.0015  time: 0.0393
2025/06/13 17:04:03 - mmengine - INFO - Epoch(train)  [7][ 20/173]  lr: 1.0000e-03  eta: 0:37:03  time: 0.5349  data_time: 0.0011  memory: 10367  loss: 1.0441
2025/06/13 17:04:14 - mmengine - INFO - Epoch(train)  [7][ 40/173]  lr: 1.0000e-03  eta: 0:36:52  time: 0.5307  data_time: 0.0010  memory: 10367  loss: 1.1041
2025/06/13 17:04:24 - mmengine - INFO - Epoch(train)  [7][ 60/173]  lr: 1.0000e-03  eta: 0:36:41  time: 0.5389  data_time: 0.0011  memory: 10367  loss: 1.1301
2025/06/13 17:04:35 - mmengine - INFO - Epoch(train)  [7][ 80/173]  lr: 1.0000e-03  eta: 0:36:30  time: 0.5311  data_time: 0.0009  memory: 10367  loss: 1.0845
2025/06/13 17:04:46 - mmengine - INFO - Epoch(train)  [7][100/173]  lr: 1.0000e-03  eta: 0:36:19  time: 0.5276  data_time: 0.0008  memory: 10367  loss: 1.1094
2025/06/13 17:04:57 - mmengine - INFO - Epoch(train)  [7][120/173]  lr: 1.0000e-03  eta: 0:36:08  time: 0.5251  data_time: 0.0008  memory: 10367  loss: 1.0513
2025/06/13 17:05:07 - mmengine - INFO - Epoch(train)  [7][140/173]  lr: 1.0000e-03  eta: 0:35:57  time: 0.5244  data_time: 0.0008  memory: 10367  loss: 1.1038
2025/06/13 17:05:18 - mmengine - INFO - Epoch(train)  [7][160/173]  lr: 1.0000e-03  eta: 0:35:46  time: 0.5413  data_time: 0.0011  memory: 10367  loss: 1.0755
2025/06/13 17:05:24 - mmengine - INFO - Exp name: resnet18_ks_20250613_165346
2025/06/13 17:05:24 - mmengine - INFO - Saving checkpoint at 7 epochs
2025/06/13 17:05:26 - mmengine - INFO - Epoch(val)  [7][ 20/154]    eta: 0:00:05  time: 0.0355  data_time: 0.0004  memory: 10367  
2025/06/13 17:05:27 - mmengine - INFO - Epoch(val)  [7][ 40/154]    eta: 0:00:04  time: 0.0344  data_time: 0.0004  memory: 577  
2025/06/13 17:05:27 - mmengine - INFO - Epoch(val)  [7][ 60/154]    eta: 0:00:03  time: 0.0360  data_time: 0.0004  memory: 577  
2025/06/13 17:05:28 - mmengine - INFO - Epoch(val)  [7][ 80/154]    eta: 0:00:02  time: 0.0352  data_time: 0.0004  memory: 577  
2025/06/13 17:05:29 - mmengine - INFO - Epoch(val)  [7][100/154]    eta: 0:00:01  time: 0.0365  data_time: 0.0004  memory: 577  
2025/06/13 17:05:29 - mmengine - INFO - Epoch(val)  [7][120/154]    eta: 0:00:01  time: 0.0341  data_time: 0.0004  memory: 577  
2025/06/13 17:05:30 - mmengine - INFO - Epoch(val)  [7][140/154]    eta: 0:00:00  time: 0.0341  data_time: 0.0004  memory: 577  
2025/06/13 17:05:31 - mmengine - INFO - Epoch(val) [7][154/154]    accuracy/top1: 58.0504  data_time: 0.0010  time: 0.0353
2025/06/13 17:05:42 - mmengine - INFO - Epoch(train)  [8][ 20/173]  lr: 1.0000e-03  eta: 0:35:27  time: 0.5242  data_time: 0.0008  memory: 10367  loss: 1.0182
2025/06/13 17:05:52 - mmengine - INFO - Epoch(train)  [8][ 40/173]  lr: 1.0000e-03  eta: 0:35:17  time: 0.5555  data_time: 0.0013  memory: 10367  loss: 1.0519
2025/06/13 17:06:03 - mmengine - INFO - Epoch(train)  [8][ 60/173]  lr: 1.0000e-03  eta: 0:35:05  time: 0.5249  data_time: 0.0008  memory: 10367  loss: 1.0664
2025/06/13 17:06:13 - mmengine - INFO - Epoch(train)  [8][ 80/173]  lr: 1.0000e-03  eta: 0:34:54  time: 0.5257  data_time: 0.0008  memory: 10367  loss: 1.0580
2025/06/13 17:06:24 - mmengine - INFO - Epoch(train)  [8][100/173]  lr: 1.0000e-03  eta: 0:34:43  time: 0.5414  data_time: 0.0014  memory: 10367  loss: 1.0318
2025/06/13 17:06:35 - mmengine - INFO - Epoch(train)  [8][120/173]  lr: 1.0000e-03  eta: 0:34:32  time: 0.5261  data_time: 0.0009  memory: 10367  loss: 1.0340
2025/06/13 17:06:45 - mmengine - INFO - Epoch(train)  [8][140/173]  lr: 1.0000e-03  eta: 0:34:20  time: 0.5261  data_time: 0.0009  memory: 10367  loss: 0.9921
2025/06/13 17:06:56 - mmengine - INFO - Epoch(train)  [8][160/173]  lr: 1.0000e-03  eta: 0:34:09  time: 0.5264  data_time: 0.0008  memory: 10367  loss: 1.0182
2025/06/13 17:07:02 - mmengine - INFO - Exp name: resnet18_ks_20250613_165346
2025/06/13 17:07:02 - mmengine - INFO - Saving checkpoint at 8 epochs
2025/06/13 17:07:04 - mmengine - INFO - Epoch(val)  [8][ 20/154]    eta: 0:00:05  time: 0.0352  data_time: 0.0004  memory: 10367  
2025/06/13 17:07:05 - mmengine - INFO - Epoch(val)  [8][ 40/154]    eta: 0:00:04  time: 0.0346  data_time: 0.0004  memory: 577  
2025/06/13 17:07:05 - mmengine - INFO - Epoch(val)  [8][ 60/154]    eta: 0:00:03  time: 0.0349  data_time: 0.0004  memory: 577  
2025/06/13 17:07:06 - mmengine - INFO - Epoch(val)  [8][ 80/154]    eta: 0:00:02  time: 0.0334  data_time: 0.0004  memory: 577  
2025/06/13 17:07:07 - mmengine - INFO - Epoch(val)  [8][100/154]    eta: 0:00:01  time: 0.0348  data_time: 0.0004  memory: 577  
2025/06/13 17:07:07 - mmengine - INFO - Epoch(val)  [8][120/154]    eta: 0:00:01  time: 0.0345  data_time: 0.0004  memory: 577  
2025/06/13 17:07:08 - mmengine - INFO - Epoch(val)  [8][140/154]    eta: 0:00:00  time: 0.0347  data_time: 0.0004  memory: 577  
2025/06/13 17:07:09 - mmengine - INFO - Epoch(val) [8][154/154]    accuracy/top1: 56.9378  data_time: 0.0009  time: 0.0350
2025/06/13 17:07:20 - mmengine - INFO - Epoch(train)  [9][ 20/173]  lr: 1.0000e-03  eta: 0:33:51  time: 0.5290  data_time: 0.0009  memory: 10367  loss: 0.9199
2025/06/13 17:07:30 - mmengine - INFO - Epoch(train)  [9][ 40/173]  lr: 1.0000e-03  eta: 0:33:40  time: 0.5253  data_time: 0.0008  memory: 10367  loss: 0.9587
2025/06/13 17:07:41 - mmengine - INFO - Epoch(train)  [9][ 60/173]  lr: 1.0000e-03  eta: 0:33:29  time: 0.5267  data_time: 0.0009  memory: 10367  loss: 0.9447
2025/06/13 17:07:52 - mmengine - INFO - Epoch(train)  [9][ 80/173]  lr: 1.0000e-03  eta: 0:33:19  time: 0.5383  data_time: 0.0010  memory: 10367  loss: 1.0907
2025/06/13 17:08:02 - mmengine - INFO - Epoch(train)  [9][100/173]  lr: 1.0000e-03  eta: 0:33:08  time: 0.5469  data_time: 0.0008  memory: 10367  loss: 0.9545
2025/06/13 17:08:13 - mmengine - INFO - Epoch(train)  [9][120/173]  lr: 1.0000e-03  eta: 0:32:57  time: 0.5304  data_time: 0.0009  memory: 10367  loss: 0.9519
2025/06/13 17:08:24 - mmengine - INFO - Epoch(train)  [9][140/173]  lr: 1.0000e-03  eta: 0:32:47  time: 0.5427  data_time: 0.0012  memory: 10367  loss: 0.9182
2025/06/13 17:08:35 - mmengine - INFO - Epoch(train)  [9][160/173]  lr: 1.0000e-03  eta: 0:32:36  time: 0.5345  data_time: 0.0010  memory: 10367  loss: 0.9695
2025/06/13 17:08:41 - mmengine - INFO - Exp name: resnet18_ks_20250613_165346
2025/06/13 17:08:41 - mmengine - INFO - Saving checkpoint at 9 epochs
2025/06/13 17:08:43 - mmengine - INFO - Epoch(val)  [9][ 20/154]    eta: 0:00:06  time: 0.0385  data_time: 0.0005  memory: 10367  
2025/06/13 17:08:44 - mmengine - INFO - Epoch(val)  [9][ 40/154]    eta: 0:00:05  time: 0.0410  data_time: 0.0008  memory: 577  
2025/06/13 17:08:45 - mmengine - INFO - Epoch(val)  [9][ 60/154]    eta: 0:00:04  time: 0.0354  data_time: 0.0004  memory: 577  
2025/06/13 17:08:46 - mmengine - INFO - Epoch(val)  [9][ 80/154]    eta: 0:00:03  time: 0.0341  data_time: 0.0004  memory: 577  
2025/06/13 17:08:46 - mmengine - INFO - Epoch(val)  [9][100/154]    eta: 0:00:02  time: 0.0348  data_time: 0.0004  memory: 577  
2025/06/13 17:08:47 - mmengine - INFO - Epoch(val)  [9][120/154]    eta: 0:00:01  time: 0.0369  data_time: 0.0008  memory: 577  
2025/06/13 17:08:48 - mmengine - INFO - Epoch(val)  [9][140/154]    eta: 0:00:00  time: 0.0346  data_time: 0.0004  memory: 577  
2025/06/13 17:08:48 - mmengine - INFO - Epoch(val) [9][154/154]    accuracy/top1: 56.0431  data_time: 0.0016  time: 0.0384
2025/06/13 17:08:59 - mmengine - INFO - Epoch(train) [10][ 20/173]  lr: 1.0000e-03  eta: 0:32:18  time: 0.5250  data_time: 0.0009  memory: 10367  loss: 0.9450
2025/06/13 17:09:10 - mmengine - INFO - Epoch(train) [10][ 40/173]  lr: 1.0000e-03  eta: 0:32:07  time: 0.5320  data_time: 0.0010  memory: 10367  loss: 0.9240
2025/06/13 17:09:20 - mmengine - INFO - Epoch(train) [10][ 60/173]  lr: 1.0000e-03  eta: 0:31:55  time: 0.5272  data_time: 0.0008  memory: 10367  loss: 0.9102
2025/06/13 17:09:31 - mmengine - INFO - Epoch(train) [10][ 80/173]  lr: 1.0000e-03  eta: 0:31:44  time: 0.5277  data_time: 0.0011  memory: 10367  loss: 0.9101
2025/06/13 17:09:42 - mmengine - INFO - Epoch(train) [10][100/173]  lr: 1.0000e-03  eta: 0:31:34  time: 0.5317  data_time: 0.0010  memory: 10367  loss: 0.9814
2025/06/13 17:09:52 - mmengine - INFO - Epoch(train) [10][120/173]  lr: 1.0000e-03  eta: 0:31:23  time: 0.5267  data_time: 0.0009  memory: 10367  loss: 0.8755
2025/06/13 17:10:03 - mmengine - INFO - Epoch(train) [10][140/173]  lr: 1.0000e-03  eta: 0:31:12  time: 0.5366  data_time: 0.0012  memory: 10367  loss: 0.9373
2025/06/13 17:10:14 - mmengine - INFO - Epoch(train) [10][160/173]  lr: 1.0000e-03  eta: 0:31:02  time: 0.5574  data_time: 0.0009  memory: 10367  loss: 0.9369
2025/06/13 17:10:21 - mmengine - INFO - Exp name: resnet18_ks_20250613_165346
2025/06/13 17:10:21 - mmengine - INFO - Saving checkpoint at 10 epochs
2025/06/13 17:10:23 - mmengine - INFO - Epoch(val) [10][ 20/154]    eta: 0:00:07  time: 0.0577  data_time: 0.0013  memory: 10367  
2025/06/13 17:10:23 - mmengine - INFO - Epoch(val) [10][ 40/154]    eta: 0:00:05  time: 0.0353  data_time: 0.0005  memory: 577  
2025/06/13 17:10:24 - mmengine - INFO - Epoch(val) [10][ 60/154]    eta: 0:00:04  time: 0.0368  data_time: 0.0006  memory: 577  
2025/06/13 17:10:25 - mmengine - INFO - Epoch(val) [10][ 80/154]    eta: 0:00:03  time: 0.0361  data_time: 0.0005  memory: 577  
2025/06/13 17:10:26 - mmengine - INFO - Epoch(val) [10][100/154]    eta: 0:00:02  time: 0.0359  data_time: 0.0005  memory: 577  
2025/06/13 17:10:27 - mmengine - INFO - Epoch(val) [10][120/154]    eta: 0:00:01  time: 0.0419  data_time: 0.0005  memory: 577  
2025/06/13 17:10:27 - mmengine - INFO - Epoch(val) [10][140/154]    eta: 0:00:00  time: 0.0351  data_time: 0.0005  memory: 577  
2025/06/13 17:10:28 - mmengine - INFO - Epoch(val) [10][154/154]    accuracy/top1: 60.0525  data_time: 0.0015  time: 0.0420
2025/06/13 17:10:39 - mmengine - INFO - Epoch(train) [11][ 20/173]  lr: 1.0000e-03  eta: 0:30:44  time: 0.5382  data_time: 0.0011  memory: 10367  loss: 0.8402
2025/06/13 17:10:50 - mmengine - INFO - Epoch(train) [11][ 40/173]  lr: 1.0000e-03  eta: 0:30:34  time: 0.5312  data_time: 0.0008  memory: 10367  loss: 0.8965
2025/06/13 17:11:00 - mmengine - INFO - Epoch(train) [11][ 60/173]  lr: 1.0000e-03  eta: 0:30:22  time: 0.5260  data_time: 0.0009  memory: 10367  loss: 0.8689
2025/06/13 17:11:11 - mmengine - INFO - Epoch(train) [11][ 80/173]  lr: 1.0000e-03  eta: 0:30:11  time: 0.5259  data_time: 0.0008  memory: 10367  loss: 0.8635
2025/06/13 17:11:22 - mmengine - INFO - Epoch(train) [11][100/173]  lr: 1.0000e-03  eta: 0:30:01  time: 0.5242  data_time: 0.0008  memory: 10367  loss: 0.8522
2025/06/13 17:11:32 - mmengine - INFO - Epoch(train) [11][120/173]  lr: 1.0000e-03  eta: 0:29:49  time: 0.5254  data_time: 0.0009  memory: 10367  loss: 0.8757
2025/06/13 17:11:43 - mmengine - INFO - Epoch(train) [11][140/173]  lr: 1.0000e-03  eta: 0:29:38  time: 0.5261  data_time: 0.0009  memory: 10367  loss: 0.8499
2025/06/13 17:11:53 - mmengine - INFO - Epoch(train) [11][160/173]  lr: 1.0000e-03  eta: 0:29:27  time: 0.5253  data_time: 0.0009  memory: 10367  loss: 0.8762
2025/06/13 17:12:00 - mmengine - INFO - Exp name: resnet18_ks_20250613_165346
2025/06/13 17:12:00 - mmengine - INFO - Saving checkpoint at 11 epochs
2025/06/13 17:12:02 - mmengine - INFO - Epoch(val) [11][ 20/154]    eta: 0:00:06  time: 0.0480  data_time: 0.0012  memory: 10367  
2025/06/13 17:12:02 - mmengine - INFO - Epoch(val) [11][ 40/154]    eta: 0:00:05  time: 0.0403  data_time: 0.0006  memory: 577  
2025/06/13 17:12:03 - mmengine - INFO - Epoch(val) [11][ 60/154]    eta: 0:00:03  time: 0.0351  data_time: 0.0004  memory: 577  
2025/06/13 17:12:04 - mmengine - INFO - Epoch(val) [11][ 80/154]    eta: 0:00:02  time: 0.0339  data_time: 0.0004  memory: 577  
2025/06/13 17:12:05 - mmengine - INFO - Epoch(val) [11][100/154]    eta: 0:00:02  time: 0.0338  data_time: 0.0004  memory: 577  
2025/06/13 17:12:05 - mmengine - INFO - Epoch(val) [11][120/154]    eta: 0:00:01  time: 0.0342  data_time: 0.0004  memory: 577  
2025/06/13 17:12:06 - mmengine - INFO - Epoch(val) [11][140/154]    eta: 0:00:00  time: 0.0340  data_time: 0.0004  memory: 577  
2025/06/13 17:12:06 - mmengine - INFO - Epoch(val) [11][154/154]    accuracy/top1: 61.6458  data_time: 0.0013  time: 0.0372
2025/06/13 17:12:18 - mmengine - INFO - Epoch(train) [12][ 20/173]  lr: 1.0000e-03  eta: 0:29:10  time: 0.5326  data_time: 0.0009  memory: 10367  loss: 0.8237
2025/06/13 17:12:28 - mmengine - INFO - Epoch(train) [12][ 40/173]  lr: 1.0000e-03  eta: 0:28:59  time: 0.5268  data_time: 0.0009  memory: 10367  loss: 0.8404
2025/06/13 17:12:39 - mmengine - INFO - Epoch(train) [12][ 60/173]  lr: 1.0000e-03  eta: 0:28:48  time: 0.5270  data_time: 0.0009  memory: 10367  loss: 0.8205
2025/06/13 17:12:49 - mmengine - INFO - Epoch(train) [12][ 80/173]  lr: 1.0000e-03  eta: 0:28:37  time: 0.5259  data_time: 0.0009  memory: 10367  loss: 0.8085
2025/06/13 17:12:58 - mmengine - INFO - Exp name: resnet18_ks_20250613_165346
2025/06/13 17:13:00 - mmengine - INFO - Epoch(train) [12][100/173]  lr: 1.0000e-03  eta: 0:28:26  time: 0.5267  data_time: 0.0009  memory: 10367  loss: 0.7843
2025/06/13 17:13:10 - mmengine - INFO - Epoch(train) [12][120/173]  lr: 1.0000e-03  eta: 0:28:15  time: 0.5262  data_time: 0.0008  memory: 10367  loss: 0.7978
2025/06/13 17:13:21 - mmengine - INFO - Epoch(train) [12][140/173]  lr: 1.0000e-03  eta: 0:28:04  time: 0.5255  data_time: 0.0009  memory: 10367  loss: 0.8021
2025/06/13 17:13:31 - mmengine - INFO - Epoch(train) [12][160/173]  lr: 1.0000e-03  eta: 0:27:53  time: 0.5266  data_time: 0.0009  memory: 10367  loss: 0.7618
2025/06/13 17:13:38 - mmengine - INFO - Exp name: resnet18_ks_20250613_165346
2025/06/13 17:13:38 - mmengine - INFO - Saving checkpoint at 12 epochs
2025/06/13 17:13:40 - mmengine - INFO - Epoch(val) [12][ 20/154]    eta: 0:00:06  time: 0.0500  data_time: 0.0011  memory: 10367  
2025/06/13 17:13:41 - mmengine - INFO - Epoch(val) [12][ 40/154]    eta: 0:00:05  time: 0.0371  data_time: 0.0008  memory: 577  
2025/06/13 17:13:41 - mmengine - INFO - Epoch(val) [12][ 60/154]    eta: 0:00:03  time: 0.0350  data_time: 0.0004  memory: 577  
2025/06/13 17:13:42 - mmengine - INFO - Epoch(val) [12][ 80/154]    eta: 0:00:02  time: 0.0343  data_time: 0.0004  memory: 577  
2025/06/13 17:13:43 - mmengine - INFO - Epoch(val) [12][100/154]    eta: 0:00:02  time: 0.0353  data_time: 0.0004  memory: 577  
2025/06/13 17:13:43 - mmengine - INFO - Epoch(val) [12][120/154]    eta: 0:00:01  time: 0.0353  data_time: 0.0004  memory: 577  
2025/06/13 17:13:44 - mmengine - INFO - Epoch(val) [12][140/154]    eta: 0:00:00  time: 0.0334  data_time: 0.0004  memory: 577  
2025/06/13 17:13:45 - mmengine - INFO - Epoch(val) [12][154/154]    accuracy/top1: 60.6385  data_time: 0.0010  time: 0.0378
2025/06/13 17:13:56 - mmengine - INFO - Epoch(train) [13][ 20/173]  lr: 1.0000e-03  eta: 0:27:35  time: 0.5293  data_time: 0.0010  memory: 10367  loss: 0.8104
2025/06/13 17:14:06 - mmengine - INFO - Epoch(train) [13][ 40/173]  lr: 1.0000e-03  eta: 0:27:25  time: 0.5298  data_time: 0.0009  memory: 10367  loss: 0.7966
2025/06/13 17:14:17 - mmengine - INFO - Epoch(train) [13][ 60/173]  lr: 1.0000e-03  eta: 0:27:14  time: 0.5262  data_time: 0.0009  memory: 10367  loss: 0.7726
2025/06/13 17:14:28 - mmengine - INFO - Epoch(train) [13][ 80/173]  lr: 1.0000e-03  eta: 0:27:03  time: 0.5354  data_time: 0.0010  memory: 10367  loss: 0.7604
2025/06/13 17:14:38 - mmengine - INFO - Epoch(train) [13][100/173]  lr: 1.0000e-03  eta: 0:26:52  time: 0.5305  data_time: 0.0010  memory: 10367  loss: 0.7635
2025/06/13 17:14:49 - mmengine - INFO - Epoch(train) [13][120/173]  lr: 1.0000e-03  eta: 0:26:41  time: 0.5288  data_time: 0.0009  memory: 10367  loss: 0.7799
2025/06/13 17:15:00 - mmengine - INFO - Epoch(train) [13][140/173]  lr: 1.0000e-03  eta: 0:26:31  time: 0.5368  data_time: 0.0011  memory: 10367  loss: 0.8226
2025/06/13 17:15:10 - mmengine - INFO - Epoch(train) [13][160/173]  lr: 1.0000e-03  eta: 0:26:20  time: 0.5285  data_time: 0.0009  memory: 10367  loss: 0.7744
2025/06/13 17:15:17 - mmengine - INFO - Exp name: resnet18_ks_20250613_165346
2025/06/13 17:15:17 - mmengine - INFO - Saving checkpoint at 13 epochs
2025/06/13 17:15:19 - mmengine - INFO - Epoch(val) [13][ 20/154]    eta: 0:00:06  time: 0.0460  data_time: 0.0007  memory: 10367  
2025/06/13 17:15:19 - mmengine - INFO - Epoch(val) [13][ 40/154]    eta: 0:00:05  time: 0.0384  data_time: 0.0007  memory: 577  
2025/06/13 17:15:20 - mmengine - INFO - Epoch(val) [13][ 60/154]    eta: 0:00:03  time: 0.0353  data_time: 0.0004  memory: 577  
2025/06/13 17:15:21 - mmengine - INFO - Epoch(val) [13][ 80/154]    eta: 0:00:03  time: 0.0360  data_time: 0.0004  memory: 577  
2025/06/13 17:15:22 - mmengine - INFO - Epoch(val) [13][100/154]    eta: 0:00:02  time: 0.0347  data_time: 0.0004  memory: 577  
2025/06/13 17:15:22 - mmengine - INFO - Epoch(val) [13][120/154]    eta: 0:00:01  time: 0.0353  data_time: 0.0004  memory: 577  
2025/06/13 17:15:23 - mmengine - INFO - Epoch(val) [13][140/154]    eta: 0:00:00  time: 0.0342  data_time: 0.0004  memory: 577  
2025/06/13 17:15:23 - mmengine - INFO - Epoch(val) [13][154/154]    accuracy/top1: 62.3538  data_time: 0.0013  time: 0.0377
2025/06/13 17:15:35 - mmengine - INFO - Epoch(train) [14][ 20/173]  lr: 1.0000e-03  eta: 0:26:02  time: 0.5269  data_time: 0.0010  memory: 10367  loss: 0.7574
2025/06/13 17:15:45 - mmengine - INFO - Epoch(train) [14][ 40/173]  lr: 1.0000e-03  eta: 0:25:51  time: 0.5270  data_time: 0.0009  memory: 10367  loss: 0.7486
2025/06/13 17:15:56 - mmengine - INFO - Epoch(train) [14][ 60/173]  lr: 1.0000e-03  eta: 0:25:41  time: 0.5313  data_time: 0.0010  memory: 10367  loss: 0.7398
2025/06/13 17:16:07 - mmengine - INFO - Epoch(train) [14][ 80/173]  lr: 1.0000e-03  eta: 0:25:30  time: 0.5355  data_time: 0.0010  memory: 10367  loss: 0.6957
2025/06/13 17:16:17 - mmengine - INFO - Epoch(train) [14][100/173]  lr: 1.0000e-03  eta: 0:25:20  time: 0.5403  data_time: 0.0012  memory: 10367  loss: 0.7813
2025/06/13 17:16:28 - mmengine - INFO - Epoch(train) [14][120/173]  lr: 1.0000e-03  eta: 0:25:09  time: 0.5363  data_time: 0.0009  memory: 10367  loss: 0.7570
2025/06/13 17:16:39 - mmengine - INFO - Epoch(train) [14][140/173]  lr: 1.0000e-03  eta: 0:24:58  time: 0.5302  data_time: 0.0012  memory: 10367  loss: 0.7159
2025/06/13 17:16:50 - mmengine - INFO - Epoch(train) [14][160/173]  lr: 1.0000e-03  eta: 0:24:48  time: 0.5577  data_time: 0.0015  memory: 10367  loss: 0.7309
2025/06/13 17:16:57 - mmengine - INFO - Exp name: resnet18_ks_20250613_165346
2025/06/13 17:16:57 - mmengine - INFO - Saving checkpoint at 14 epochs
2025/06/13 17:16:58 - mmengine - INFO - Epoch(val) [14][ 20/154]    eta: 0:00:06  time: 0.0465  data_time: 0.0011  memory: 10367  
2025/06/13 17:16:59 - mmengine - INFO - Epoch(val) [14][ 40/154]    eta: 0:00:05  time: 0.0491  data_time: 0.0009  memory: 577  
2025/06/13 17:17:00 - mmengine - INFO - Epoch(val) [14][ 60/154]    eta: 0:00:04  time: 0.0362  data_time: 0.0006  memory: 577  
2025/06/13 17:17:01 - mmengine - INFO - Epoch(val) [14][ 80/154]    eta: 0:00:03  time: 0.0350  data_time: 0.0005  memory: 577  
2025/06/13 17:17:02 - mmengine - INFO - Epoch(val) [14][100/154]    eta: 0:00:02  time: 0.0342  data_time: 0.0004  memory: 577  
2025/06/13 17:17:02 - mmengine - INFO - Epoch(val) [14][120/154]    eta: 0:00:01  time: 0.0355  data_time: 0.0004  memory: 577  
2025/06/13 17:17:03 - mmengine - INFO - Epoch(val) [14][140/154]    eta: 0:00:00  time: 0.0342  data_time: 0.0004  memory: 577  
2025/06/13 17:17:03 - mmengine - INFO - Epoch(val) [14][154/154]    accuracy/top1: 63.2078  data_time: 0.0014  time: 0.0383
2025/06/13 17:17:15 - mmengine - INFO - Epoch(train) [15][ 20/173]  lr: 1.0000e-03  eta: 0:24:30  time: 0.5335  data_time: 0.0009  memory: 10367  loss: 0.6801
2025/06/13 17:17:26 - mmengine - INFO - Epoch(train) [15][ 40/173]  lr: 1.0000e-03  eta: 0:24:20  time: 0.5259  data_time: 0.0008  memory: 10367  loss: 0.7083
2025/06/13 17:17:36 - mmengine - INFO - Epoch(train) [15][ 60/173]  lr: 1.0000e-03  eta: 0:24:09  time: 0.5309  data_time: 0.0009  memory: 10367  loss: 0.7148
2025/06/13 17:17:47 - mmengine - INFO - Epoch(train) [15][ 80/173]  lr: 1.0000e-03  eta: 0:23:58  time: 0.5263  data_time: 0.0008  memory: 10367  loss: 0.6758
2025/06/13 17:17:58 - mmengine - INFO - Epoch(train) [15][100/173]  lr: 1.0000e-03  eta: 0:23:47  time: 0.5379  data_time: 0.0010  memory: 10367  loss: 0.6759
2025/06/13 17:18:08 - mmengine - INFO - Epoch(train) [15][120/173]  lr: 1.0000e-03  eta: 0:23:36  time: 0.5247  data_time: 0.0008  memory: 10367  loss: 0.6986
2025/06/13 17:18:19 - mmengine - INFO - Epoch(train) [15][140/173]  lr: 1.0000e-03  eta: 0:23:26  time: 0.5251  data_time: 0.0008  memory: 10367  loss: 0.7241
2025/06/13 17:18:29 - mmengine - INFO - Epoch(train) [15][160/173]  lr: 1.0000e-03  eta: 0:23:15  time: 0.5319  data_time: 0.0009  memory: 10367  loss: 0.7418
2025/06/13 17:18:36 - mmengine - INFO - Exp name: resnet18_ks_20250613_165346
2025/06/13 17:18:36 - mmengine - INFO - Saving checkpoint at 15 epochs
2025/06/13 17:18:38 - mmengine - INFO - Epoch(val) [15][ 20/154]    eta: 0:00:05  time: 0.0431  data_time: 0.0006  memory: 10367  
2025/06/13 17:18:39 - mmengine - INFO - Epoch(val) [15][ 40/154]    eta: 0:00:05  time: 0.0416  data_time: 0.0008  memory: 577  
2025/06/13 17:18:39 - mmengine - INFO - Epoch(val) [15][ 60/154]    eta: 0:00:03  time: 0.0342  data_time: 0.0004  memory: 577  
2025/06/13 17:18:40 - mmengine - INFO - Epoch(val) [15][ 80/154]    eta: 0:00:02  time: 0.0339  data_time: 0.0004  memory: 577  
2025/06/13 17:18:41 - mmengine - INFO - Epoch(val) [15][100/154]    eta: 0:00:02  time: 0.0340  data_time: 0.0004  memory: 577  
2025/06/13 17:18:41 - mmengine - INFO - Epoch(val) [15][120/154]    eta: 0:00:01  time: 0.0426  data_time: 0.0087  memory: 577  
2025/06/13 17:18:42 - mmengine - INFO - Epoch(val) [15][140/154]    eta: 0:00:00  time: 0.0357  data_time: 0.0004  memory: 577  
2025/06/13 17:18:43 - mmengine - INFO - Epoch(val) [15][154/154]    accuracy/top1: 63.2412  data_time: 0.0017  time: 0.0375
2025/06/13 17:18:54 - mmengine - INFO - Epoch(train) [16][ 20/173]  lr: 1.0000e-03  eta: 0:22:57  time: 0.5278  data_time: 0.0009  memory: 10367  loss: 0.6695
2025/06/13 17:19:04 - mmengine - INFO - Epoch(train) [16][ 40/173]  lr: 1.0000e-03  eta: 0:22:46  time: 0.5273  data_time: 0.0009  memory: 10367  loss: 0.6377
2025/06/13 17:19:15 - mmengine - INFO - Epoch(train) [16][ 60/173]  lr: 1.0000e-03  eta: 0:22:35  time: 0.5318  data_time: 0.0012  memory: 10367  loss: 0.7128
2025/06/13 17:19:25 - mmengine - INFO - Epoch(train) [16][ 80/173]  lr: 1.0000e-03  eta: 0:22:25  time: 0.5269  data_time: 0.0009  memory: 10367  loss: 0.6674
2025/06/13 17:19:36 - mmengine - INFO - Epoch(train) [16][100/173]  lr: 1.0000e-03  eta: 0:22:14  time: 0.5329  data_time: 0.0013  memory: 10367  loss: 0.6795
2025/06/13 17:19:46 - mmengine - INFO - Epoch(train) [16][120/173]  lr: 1.0000e-03  eta: 0:22:03  time: 0.5262  data_time: 0.0009  memory: 10367  loss: 0.6859
2025/06/13 17:19:57 - mmengine - INFO - Epoch(train) [16][140/173]  lr: 1.0000e-03  eta: 0:21:52  time: 0.5255  data_time: 0.0009  memory: 10367  loss: 0.6323
2025/06/13 17:20:08 - mmengine - INFO - Epoch(train) [16][160/173]  lr: 1.0000e-03  eta: 0:21:41  time: 0.5308  data_time: 0.0010  memory: 10367  loss: 0.6596
2025/06/13 17:20:14 - mmengine - INFO - Exp name: resnet18_ks_20250613_165346
2025/06/13 17:20:14 - mmengine - INFO - Saving checkpoint at 16 epochs
2025/06/13 17:20:16 - mmengine - INFO - Epoch(val) [16][ 20/154]    eta: 0:00:06  time: 0.0495  data_time: 0.0009  memory: 10367  
2025/06/13 17:20:17 - mmengine - INFO - Epoch(val) [16][ 40/154]    eta: 0:00:05  time: 0.0353  data_time: 0.0005  memory: 577  
2025/06/13 17:20:18 - mmengine - INFO - Epoch(val) [16][ 60/154]    eta: 0:00:03  time: 0.0345  data_time: 0.0004  memory: 577  
2025/06/13 17:20:18 - mmengine - INFO - Epoch(val) [16][ 80/154]    eta: 0:00:02  time: 0.0338  data_time: 0.0004  memory: 577  
2025/06/13 17:20:19 - mmengine - INFO - Epoch(val) [16][100/154]    eta: 0:00:02  time: 0.0406  data_time: 0.0069  memory: 577  
2025/06/13 17:20:20 - mmengine - INFO - Epoch(val) [16][120/154]    eta: 0:00:01  time: 0.0342  data_time: 0.0004  memory: 577  
2025/06/13 17:20:20 - mmengine - INFO - Epoch(val) [16][140/154]    eta: 0:00:00  time: 0.0358  data_time: 0.0004  memory: 577  
2025/06/13 17:20:21 - mmengine - INFO - Epoch(val) [16][154/154]    accuracy/top1: 63.5258  data_time: 0.0014  time: 0.0374
2025/06/13 17:20:32 - mmengine - INFO - Epoch(train) [17][ 20/173]  lr: 1.0000e-03  eta: 0:21:24  time: 0.5358  data_time: 0.0010  memory: 10367  loss: 0.5675
2025/06/13 17:20:43 - mmengine - INFO - Epoch(train) [17][ 40/173]  lr: 1.0000e-03  eta: 0:21:13  time: 0.5265  data_time: 0.0009  memory: 10367  loss: 0.6399
2025/06/13 17:20:53 - mmengine - INFO - Epoch(train) [17][ 60/173]  lr: 1.0000e-03  eta: 0:21:02  time: 0.5306  data_time: 0.0011  memory: 10367  loss: 0.6157
2025/06/13 17:21:04 - mmengine - INFO - Epoch(train) [17][ 80/173]  lr: 1.0000e-03  eta: 0:20:52  time: 0.5292  data_time: 0.0008  memory: 10367  loss: 0.6007
2025/06/13 17:21:15 - mmengine - INFO - Epoch(train) [17][100/173]  lr: 1.0000e-03  eta: 0:20:41  time: 0.5277  data_time: 0.0009  memory: 10367  loss: 0.6277
2025/06/13 17:21:25 - mmengine - INFO - Epoch(train) [17][120/173]  lr: 1.0000e-03  eta: 0:20:30  time: 0.5369  data_time: 0.0010  memory: 10367  loss: 0.6011
2025/06/13 17:21:36 - mmengine - INFO - Epoch(train) [17][140/173]  lr: 1.0000e-03  eta: 0:20:20  time: 0.5565  data_time: 0.0010  memory: 10367  loss: 0.6280
2025/06/13 17:21:47 - mmengine - INFO - Epoch(train) [17][160/173]  lr: 1.0000e-03  eta: 0:20:09  time: 0.5387  data_time: 0.0010  memory: 10367  loss: 0.6175
2025/06/13 17:21:54 - mmengine - INFO - Exp name: resnet18_ks_20250613_165346
2025/06/13 17:21:54 - mmengine - INFO - Saving checkpoint at 17 epochs
2025/06/13 17:21:56 - mmengine - INFO - Epoch(val) [17][ 20/154]    eta: 0:00:06  time: 0.0506  data_time: 0.0013  memory: 10367  
2025/06/13 17:21:57 - mmengine - INFO - Epoch(val) [17][ 40/154]    eta: 0:00:05  time: 0.0455  data_time: 0.0013  memory: 577  
2025/06/13 17:21:57 - mmengine - INFO - Epoch(val) [17][ 60/154]    eta: 0:00:04  time: 0.0349  data_time: 0.0005  memory: 577  
2025/06/13 17:21:58 - mmengine - INFO - Epoch(val) [17][ 80/154]    eta: 0:00:03  time: 0.0341  data_time: 0.0005  memory: 577  
2025/06/13 17:21:59 - mmengine - INFO - Epoch(val) [17][100/154]    eta: 0:00:02  time: 0.0340  data_time: 0.0005  memory: 577  
2025/06/13 17:21:59 - mmengine - INFO - Epoch(val) [17][120/154]    eta: 0:00:01  time: 0.0340  data_time: 0.0005  memory: 577  
2025/06/13 17:22:00 - mmengine - INFO - Epoch(val) [17][140/154]    eta: 0:00:00  time: 0.0347  data_time: 0.0005  memory: 577  
2025/06/13 17:22:01 - mmengine - INFO - Epoch(val) [17][154/154]    accuracy/top1: 64.4612  data_time: 0.0014  time: 0.0390
2025/06/13 17:22:12 - mmengine - INFO - Epoch(train) [18][ 20/173]  lr: 1.0000e-03  eta: 0:19:51  time: 0.5264  data_time: 0.0009  memory: 10367  loss: 0.5842
2025/06/13 17:22:22 - mmengine - INFO - Epoch(train) [18][ 40/173]  lr: 1.0000e-03  eta: 0:19:41  time: 0.5273  data_time: 0.0008  memory: 10367  loss: 0.5915
2025/06/13 17:22:32 - mmengine - INFO - Exp name: resnet18_ks_20250613_165346
2025/06/13 17:22:33 - mmengine - INFO - Epoch(train) [18][ 60/173]  lr: 1.0000e-03  eta: 0:19:30  time: 0.5264  data_time: 0.0009  memory: 10367  loss: 0.6464
2025/06/13 17:22:43 - mmengine - INFO - Epoch(train) [18][ 80/173]  lr: 1.0000e-03  eta: 0:19:19  time: 0.5266  data_time: 0.0008  memory: 10367  loss: 0.5756
2025/06/13 17:22:54 - mmengine - INFO - Epoch(train) [18][100/173]  lr: 1.0000e-03  eta: 0:19:08  time: 0.5360  data_time: 0.0009  memory: 10367  loss: 0.5633
2025/06/13 17:23:05 - mmengine - INFO - Epoch(train) [18][120/173]  lr: 1.0000e-03  eta: 0:18:58  time: 0.5279  data_time: 0.0009  memory: 10367  loss: 0.5875
2025/06/13 17:23:15 - mmengine - INFO - Epoch(train) [18][140/173]  lr: 1.0000e-03  eta: 0:18:47  time: 0.5288  data_time: 0.0009  memory: 10367  loss: 0.5676
2025/06/13 17:23:26 - mmengine - INFO - Epoch(train) [18][160/173]  lr: 1.0000e-03  eta: 0:18:36  time: 0.5348  data_time: 0.0010  memory: 10367  loss: 0.6012
2025/06/13 17:23:33 - mmengine - INFO - Exp name: resnet18_ks_20250613_165346
2025/06/13 17:23:33 - mmengine - INFO - Saving checkpoint at 18 epochs
2025/06/13 17:23:35 - mmengine - INFO - Epoch(val) [18][ 20/154]    eta: 0:00:06  time: 0.0504  data_time: 0.0015  memory: 10367  
2025/06/13 17:23:35 - mmengine - INFO - Epoch(val) [18][ 40/154]    eta: 0:00:05  time: 0.0359  data_time: 0.0004  memory: 577  
2025/06/13 17:23:36 - mmengine - INFO - Epoch(val) [18][ 60/154]    eta: 0:00:03  time: 0.0353  data_time: 0.0004  memory: 577  
2025/06/13 17:23:37 - mmengine - INFO - Epoch(val) [18][ 80/154]    eta: 0:00:02  time: 0.0349  data_time: 0.0004  memory: 577  
2025/06/13 17:23:38 - mmengine - INFO - Epoch(val) [18][100/154]    eta: 0:00:02  time: 0.0345  data_time: 0.0004  memory: 577  
2025/06/13 17:23:38 - mmengine - INFO - Epoch(val) [18][120/154]    eta: 0:00:01  time: 0.0346  data_time: 0.0004  memory: 577  
2025/06/13 17:23:39 - mmengine - INFO - Epoch(val) [18][140/154]    eta: 0:00:00  time: 0.0349  data_time: 0.0004  memory: 577  
2025/06/13 17:23:39 - mmengine - INFO - Epoch(val) [18][154/154]    accuracy/top1: 63.7698  data_time: 0.0012  time: 0.0374
2025/06/13 17:23:51 - mmengine - INFO - Epoch(train) [19][ 20/173]  lr: 1.0000e-03  eta: 0:18:19  time: 0.5284  data_time: 0.0009  memory: 10367  loss: 0.5391
2025/06/13 17:24:01 - mmengine - INFO - Epoch(train) [19][ 40/173]  lr: 1.0000e-03  eta: 0:18:08  time: 0.5314  data_time: 0.0009  memory: 10367  loss: 0.6046
2025/06/13 17:24:12 - mmengine - INFO - Epoch(train) [19][ 60/173]  lr: 1.0000e-03  eta: 0:17:57  time: 0.5433  data_time: 0.0009  memory: 10367  loss: 0.5570
2025/06/13 17:24:23 - mmengine - INFO - Epoch(train) [19][ 80/173]  lr: 1.0000e-03  eta: 0:17:47  time: 0.5313  data_time: 0.0009  memory: 10367  loss: 0.5563
2025/06/13 17:24:34 - mmengine - INFO - Epoch(train) [19][100/173]  lr: 1.0000e-03  eta: 0:17:36  time: 0.5366  data_time: 0.0011  memory: 10367  loss: 0.6207
2025/06/13 17:24:44 - mmengine - INFO - Epoch(train) [19][120/173]  lr: 1.0000e-03  eta: 0:17:25  time: 0.5283  data_time: 0.0009  memory: 10367  loss: 0.5789
2025/06/13 17:24:55 - mmengine - INFO - Epoch(train) [19][140/173]  lr: 1.0000e-03  eta: 0:17:15  time: 0.5374  data_time: 0.0010  memory: 10367  loss: 0.5430
2025/06/13 17:25:05 - mmengine - INFO - Epoch(train) [19][160/173]  lr: 1.0000e-03  eta: 0:17:04  time: 0.5273  data_time: 0.0009  memory: 10367  loss: 0.4995
2025/06/13 17:25:12 - mmengine - INFO - Exp name: resnet18_ks_20250613_165346
2025/06/13 17:25:12 - mmengine - INFO - Saving checkpoint at 19 epochs
2025/06/13 17:25:14 - mmengine - INFO - Epoch(val) [19][ 20/154]    eta: 0:00:05  time: 0.0361  data_time: 0.0004  memory: 10367  
2025/06/13 17:25:14 - mmengine - INFO - Epoch(val) [19][ 40/154]    eta: 0:00:04  time: 0.0348  data_time: 0.0004  memory: 577  
2025/06/13 17:25:15 - mmengine - INFO - Epoch(val) [19][ 60/154]    eta: 0:00:03  time: 0.0355  data_time: 0.0004  memory: 577  
2025/06/13 17:25:16 - mmengine - INFO - Epoch(val) [19][ 80/154]    eta: 0:00:02  time: 0.0348  data_time: 0.0005  memory: 577  
2025/06/13 17:25:16 - mmengine - INFO - Epoch(val) [19][100/154]    eta: 0:00:01  time: 0.0342  data_time: 0.0004  memory: 577  
2025/06/13 17:25:17 - mmengine - INFO - Epoch(val) [19][120/154]    eta: 0:00:01  time: 0.0346  data_time: 0.0004  memory: 577  
2025/06/13 17:25:18 - mmengine - INFO - Epoch(val) [19][140/154]    eta: 0:00:00  time: 0.0352  data_time: 0.0004  memory: 577  
2025/06/13 17:25:18 - mmengine - INFO - Epoch(val) [19][154/154]    accuracy/top1: 65.0305  data_time: 0.0012  time: 0.0358
2025/06/13 17:25:29 - mmengine - INFO - Epoch(train) [20][ 20/173]  lr: 1.0000e-03  eta: 0:16:46  time: 0.5275  data_time: 0.0009  memory: 10367  loss: 0.5073
2025/06/13 17:25:40 - mmengine - INFO - Epoch(train) [20][ 40/173]  lr: 1.0000e-03  eta: 0:16:35  time: 0.5259  data_time: 0.0008  memory: 10367  loss: 0.4903
2025/06/13 17:25:51 - mmengine - INFO - Epoch(train) [20][ 60/173]  lr: 1.0000e-03  eta: 0:16:25  time: 0.5270  data_time: 0.0009  memory: 10367  loss: 0.5670
2025/06/13 17:26:01 - mmengine - INFO - Epoch(train) [20][ 80/173]  lr: 1.0000e-03  eta: 0:16:14  time: 0.5284  data_time: 0.0009  memory: 10367  loss: 0.5027
2025/06/13 17:26:12 - mmengine - INFO - Epoch(train) [20][100/173]  lr: 1.0000e-03  eta: 0:16:03  time: 0.5444  data_time: 0.0009  memory: 10367  loss: 0.4976
2025/06/13 17:26:23 - mmengine - INFO - Epoch(train) [20][120/173]  lr: 1.0000e-03  eta: 0:15:53  time: 0.5292  data_time: 0.0010  memory: 10367  loss: 0.5306
2025/06/13 17:26:33 - mmengine - INFO - Epoch(train) [20][140/173]  lr: 1.0000e-03  eta: 0:15:42  time: 0.5382  data_time: 0.0009  memory: 10367  loss: 0.5453
2025/06/13 17:26:44 - mmengine - INFO - Epoch(train) [20][160/173]  lr: 1.0000e-03  eta: 0:15:31  time: 0.5310  data_time: 0.0009  memory: 10367  loss: 0.5035
2025/06/13 17:26:51 - mmengine - INFO - Exp name: resnet18_ks_20250613_165346
2025/06/13 17:26:51 - mmengine - INFO - Saving checkpoint at 20 epochs
2025/06/13 17:26:53 - mmengine - INFO - Epoch(val) [20][ 20/154]    eta: 0:00:06  time: 0.0449  data_time: 0.0012  memory: 10367  
2025/06/13 17:26:53 - mmengine - INFO - Epoch(val) [20][ 40/154]    eta: 0:00:05  time: 0.0363  data_time: 0.0005  memory: 577  
2025/06/13 17:26:54 - mmengine - INFO - Epoch(val) [20][ 60/154]    eta: 0:00:03  time: 0.0360  data_time: 0.0005  memory: 577  
2025/06/13 17:26:55 - mmengine - INFO - Epoch(val) [20][ 80/154]    eta: 0:00:02  time: 0.0342  data_time: 0.0004  memory: 577  
2025/06/13 17:26:56 - mmengine - INFO - Epoch(val) [20][100/154]    eta: 0:00:02  time: 0.0357  data_time: 0.0004  memory: 577  
2025/06/13 17:26:56 - mmengine - INFO - Epoch(val) [20][120/154]    eta: 0:00:01  time: 0.0349  data_time: 0.0004  memory: 577  
2025/06/13 17:26:57 - mmengine - INFO - Epoch(val) [20][140/154]    eta: 0:00:00  time: 0.0347  data_time: 0.0004  memory: 577  
2025/06/13 17:26:57 - mmengine - INFO - Epoch(val) [20][154/154]    accuracy/top1: 66.4538  data_time: 0.0013  time: 0.0375
2025/06/13 17:27:08 - mmengine - INFO - Epoch(train) [21][ 20/173]  lr: 1.0000e-03  eta: 0:15:14  time: 0.5358  data_time: 0.0011  memory: 10367  loss: 0.4668
2025/06/13 17:27:19 - mmengine - INFO - Epoch(train) [21][ 40/173]  lr: 1.0000e-03  eta: 0:15:03  time: 0.5375  data_time: 0.0010  memory: 10367  loss: 0.4730
2025/06/13 17:27:30 - mmengine - INFO - Epoch(train) [21][ 60/173]  lr: 1.0000e-03  eta: 0:14:52  time: 0.5294  data_time: 0.0009  memory: 10367  loss: 0.4688
2025/06/13 17:27:41 - mmengine - INFO - Epoch(train) [21][ 80/173]  lr: 1.0000e-03  eta: 0:14:42  time: 0.5315  data_time: 0.0010  memory: 10367  loss: 0.4798
2025/06/13 17:27:51 - mmengine - INFO - Epoch(train) [21][100/173]  lr: 1.0000e-03  eta: 0:14:31  time: 0.5268  data_time: 0.0009  memory: 10367  loss: 0.4807
2025/06/13 17:28:02 - mmengine - INFO - Epoch(train) [21][120/173]  lr: 1.0000e-03  eta: 0:14:20  time: 0.5373  data_time: 0.0009  memory: 10367  loss: 0.4732
2025/06/13 17:28:13 - mmengine - INFO - Epoch(train) [21][140/173]  lr: 1.0000e-03  eta: 0:14:09  time: 0.5268  data_time: 0.0008  memory: 10367  loss: 0.5115
2025/06/13 17:28:23 - mmengine - INFO - Epoch(train) [21][160/173]  lr: 1.0000e-03  eta: 0:13:59  time: 0.5267  data_time: 0.0008  memory: 10367  loss: 0.4678
2025/06/13 17:28:30 - mmengine - INFO - Exp name: resnet18_ks_20250613_165346
2025/06/13 17:28:30 - mmengine - INFO - Saving checkpoint at 21 epochs
2025/06/13 17:28:32 - mmengine - INFO - Epoch(val) [21][ 20/154]    eta: 0:00:05  time: 0.0409  data_time: 0.0008  memory: 10367  
2025/06/13 17:28:32 - mmengine - INFO - Epoch(val) [21][ 40/154]    eta: 0:00:04  time: 0.0392  data_time: 0.0009  memory: 577  
2025/06/13 17:28:33 - mmengine - INFO - Epoch(val) [21][ 60/154]    eta: 0:00:03  time: 0.0346  data_time: 0.0004  memory: 577  
2025/06/13 17:28:34 - mmengine - INFO - Epoch(val) [21][ 80/154]    eta: 0:00:02  time: 0.0342  data_time: 0.0004  memory: 577  
2025/06/13 17:28:34 - mmengine - INFO - Epoch(val) [21][100/154]    eta: 0:00:02  time: 0.0349  data_time: 0.0005  memory: 577  
2025/06/13 17:28:35 - mmengine - INFO - Epoch(val) [21][120/154]    eta: 0:00:01  time: 0.0352  data_time: 0.0004  memory: 577  
2025/06/13 17:28:36 - mmengine - INFO - Epoch(val) [21][140/154]    eta: 0:00:00  time: 0.0354  data_time: 0.0004  memory: 577  
2025/06/13 17:28:36 - mmengine - INFO - Epoch(val) [21][154/154]    accuracy/top1: 65.7218  data_time: 0.0012  time: 0.0366
2025/06/13 17:28:47 - mmengine - INFO - Epoch(train) [22][ 20/173]  lr: 1.0000e-03  eta: 0:13:41  time: 0.5253  data_time: 0.0009  memory: 10367  loss: 0.4243
2025/06/13 17:28:58 - mmengine - INFO - Epoch(train) [22][ 40/173]  lr: 1.0000e-03  eta: 0:13:30  time: 0.5256  data_time: 0.0008  memory: 10367  loss: 0.4457
2025/06/13 17:29:08 - mmengine - INFO - Epoch(train) [22][ 60/173]  lr: 1.0000e-03  eta: 0:13:20  time: 0.5363  data_time: 0.0009  memory: 10367  loss: 0.4445
2025/06/13 17:29:19 - mmengine - INFO - Epoch(train) [22][ 80/173]  lr: 1.0000e-03  eta: 0:13:09  time: 0.5264  data_time: 0.0008  memory: 10367  loss: 0.4787
2025/06/13 17:29:30 - mmengine - INFO - Epoch(train) [22][100/173]  lr: 1.0000e-03  eta: 0:12:58  time: 0.5259  data_time: 0.0009  memory: 10367  loss: 0.5434
2025/06/13 17:29:40 - mmengine - INFO - Epoch(train) [22][120/173]  lr: 1.0000e-03  eta: 0:12:47  time: 0.5278  data_time: 0.0010  memory: 10367  loss: 0.4422
2025/06/13 17:29:51 - mmengine - INFO - Epoch(train) [22][140/173]  lr: 1.0000e-03  eta: 0:12:37  time: 0.5268  data_time: 0.0009  memory: 10367  loss: 0.4596
2025/06/13 17:30:01 - mmengine - INFO - Epoch(train) [22][160/173]  lr: 1.0000e-03  eta: 0:12:26  time: 0.5260  data_time: 0.0009  memory: 10367  loss: 0.4303
2025/06/13 17:30:08 - mmengine - INFO - Exp name: resnet18_ks_20250613_165346
2025/06/13 17:30:08 - mmengine - INFO - Saving checkpoint at 22 epochs
2025/06/13 17:30:10 - mmengine - INFO - Epoch(val) [22][ 20/154]    eta: 0:00:06  time: 0.0376  data_time: 0.0004  memory: 10367  
2025/06/13 17:30:11 - mmengine - INFO - Epoch(val) [22][ 40/154]    eta: 0:00:05  time: 0.0454  data_time: 0.0007  memory: 577  
2025/06/13 17:30:12 - mmengine - INFO - Epoch(val) [22][ 60/154]    eta: 0:00:04  time: 0.0363  data_time: 0.0004  memory: 577  
2025/06/13 17:30:12 - mmengine - INFO - Epoch(val) [22][ 80/154]    eta: 0:00:03  time: 0.0341  data_time: 0.0004  memory: 577  
2025/06/13 17:30:13 - mmengine - INFO - Epoch(val) [22][100/154]    eta: 0:00:02  time: 0.0356  data_time: 0.0004  memory: 577  
2025/06/13 17:30:14 - mmengine - INFO - Epoch(val) [22][120/154]    eta: 0:00:01  time: 0.0339  data_time: 0.0004  memory: 577  
2025/06/13 17:30:14 - mmengine - INFO - Epoch(val) [22][140/154]    eta: 0:00:00  time: 0.0349  data_time: 0.0004  memory: 577  
2025/06/13 17:30:15 - mmengine - INFO - Epoch(val) [22][154/154]    accuracy/top1: 66.8198  data_time: 0.0015  time: 0.0382
2025/06/13 17:30:26 - mmengine - INFO - Epoch(train) [23][ 20/173]  lr: 1.0000e-03  eta: 0:12:08  time: 0.5274  data_time: 0.0009  memory: 10367  loss: 0.4237
2025/06/13 17:30:37 - mmengine - INFO - Epoch(train) [23][ 40/173]  lr: 1.0000e-03  eta: 0:11:58  time: 0.5337  data_time: 0.0011  memory: 10367  loss: 0.4259
2025/06/13 17:30:47 - mmengine - INFO - Epoch(train) [23][ 60/173]  lr: 1.0000e-03  eta: 0:11:47  time: 0.5322  data_time: 0.0009  memory: 10367  loss: 0.4426
2025/06/13 17:30:58 - mmengine - INFO - Epoch(train) [23][ 80/173]  lr: 1.0000e-03  eta: 0:11:36  time: 0.5313  data_time: 0.0009  memory: 10367  loss: 0.3696
2025/06/13 17:31:09 - mmengine - INFO - Epoch(train) [23][100/173]  lr: 1.0000e-03  eta: 0:11:26  time: 0.5271  data_time: 0.0008  memory: 10367  loss: 0.4210
2025/06/13 17:31:19 - mmengine - INFO - Epoch(train) [23][120/173]  lr: 1.0000e-03  eta: 0:11:15  time: 0.5456  data_time: 0.0010  memory: 10367  loss: 0.4047
2025/06/13 17:31:30 - mmengine - INFO - Epoch(train) [23][140/173]  lr: 1.0000e-03  eta: 0:11:04  time: 0.5261  data_time: 0.0009  memory: 10367  loss: 0.4101
2025/06/13 17:31:41 - mmengine - INFO - Epoch(train) [23][160/173]  lr: 1.0000e-03  eta: 0:10:54  time: 0.5446  data_time: 0.0014  memory: 10367  loss: 0.4156
2025/06/13 17:31:47 - mmengine - INFO - Exp name: resnet18_ks_20250613_165346
2025/06/13 17:31:47 - mmengine - INFO - Saving checkpoint at 23 epochs
2025/06/13 17:31:49 - mmengine - INFO - Epoch(val) [23][ 20/154]    eta: 0:00:06  time: 0.0522  data_time: 0.0007  memory: 10367  
2025/06/13 17:31:50 - mmengine - INFO - Epoch(val) [23][ 40/154]    eta: 0:00:05  time: 0.0429  data_time: 0.0008  memory: 577  
2025/06/13 17:31:51 - mmengine - INFO - Epoch(val) [23][ 60/154]    eta: 0:00:04  time: 0.0357  data_time: 0.0004  memory: 577  
2025/06/13 17:31:51 - mmengine - INFO - Epoch(val) [23][ 80/154]    eta: 0:00:03  time: 0.0367  data_time: 0.0004  memory: 577  
2025/06/13 17:31:52 - mmengine - INFO - Epoch(val) [23][100/154]    eta: 0:00:02  time: 0.0364  data_time: 0.0004  memory: 577  
2025/06/13 17:31:53 - mmengine - INFO - Epoch(val) [23][120/154]    eta: 0:00:01  time: 0.0360  data_time: 0.0004  memory: 577  
2025/06/13 17:31:54 - mmengine - INFO - Epoch(val) [23][140/154]    eta: 0:00:00  time: 0.0353  data_time: 0.0004  memory: 577  
2025/06/13 17:31:54 - mmengine - INFO - Epoch(val) [23][154/154]    accuracy/top1: 65.6812  data_time: 0.0013  time: 0.0393
2025/06/13 17:32:05 - mmengine - INFO - Epoch(train) [24][ 20/173]  lr: 1.0000e-03  eta: 0:10:36  time: 0.5426  data_time: 0.0009  memory: 10367  loss: 0.3619
2025/06/13 17:32:06 - mmengine - INFO - Exp name: resnet18_ks_20250613_165346
2025/06/13 17:32:16 - mmengine - INFO - Epoch(train) [24][ 40/173]  lr: 1.0000e-03  eta: 0:10:25  time: 0.5393  data_time: 0.0011  memory: 10367  loss: 0.3871
2025/06/13 17:32:27 - mmengine - INFO - Epoch(train) [24][ 60/173]  lr: 1.0000e-03  eta: 0:10:15  time: 0.5401  data_time: 0.0011  memory: 10367  loss: 0.3785
2025/06/13 17:32:38 - mmengine - INFO - Epoch(train) [24][ 80/173]  lr: 1.0000e-03  eta: 0:10:04  time: 0.5426  data_time: 0.0010  memory: 10367  loss: 0.3463
2025/06/13 17:32:49 - mmengine - INFO - Epoch(train) [24][100/173]  lr: 1.0000e-03  eta: 0:09:53  time: 0.5433  data_time: 0.0015  memory: 10367  loss: 0.3537
2025/06/13 17:33:00 - mmengine - INFO - Epoch(train) [24][120/173]  lr: 1.0000e-03  eta: 0:09:43  time: 0.5347  data_time: 0.0009  memory: 10367  loss: 0.4196
2025/06/13 17:33:11 - mmengine - INFO - Epoch(train) [24][140/173]  lr: 1.0000e-03  eta: 0:09:32  time: 0.5303  data_time: 0.0009  memory: 10367  loss: 0.4187
2025/06/13 17:33:22 - mmengine - INFO - Epoch(train) [24][160/173]  lr: 1.0000e-03  eta: 0:09:22  time: 0.5363  data_time: 0.0010  memory: 10367  loss: 0.3748
2025/06/13 17:33:29 - mmengine - INFO - Exp name: resnet18_ks_20250613_165346
2025/06/13 17:33:29 - mmengine - INFO - Saving checkpoint at 24 epochs
2025/06/13 17:33:30 - mmengine - INFO - Epoch(val) [24][ 20/154]    eta: 0:00:06  time: 0.0417  data_time: 0.0008  memory: 10367  
2025/06/13 17:33:31 - mmengine - INFO - Epoch(val) [24][ 40/154]    eta: 0:00:04  time: 0.0342  data_time: 0.0004  memory: 577  
2025/06/13 17:33:32 - mmengine - INFO - Epoch(val) [24][ 60/154]    eta: 0:00:03  time: 0.0346  data_time: 0.0004  memory: 577  
2025/06/13 17:33:32 - mmengine - INFO - Epoch(val) [24][ 80/154]    eta: 0:00:02  time: 0.0342  data_time: 0.0004  memory: 577  
2025/06/13 17:33:33 - mmengine - INFO - Epoch(val) [24][100/154]    eta: 0:00:02  time: 0.0353  data_time: 0.0004  memory: 577  
2025/06/13 17:33:34 - mmengine - INFO - Epoch(val) [24][120/154]    eta: 0:00:01  time: 0.0345  data_time: 0.0004  memory: 577  
2025/06/13 17:33:34 - mmengine - INFO - Epoch(val) [24][140/154]    eta: 0:00:00  time: 0.0352  data_time: 0.0004  memory: 577  
2025/06/13 17:33:35 - mmengine - INFO - Epoch(val) [24][154/154]    accuracy/top1: 66.2505  data_time: 0.0009  time: 0.0362
2025/06/13 17:33:46 - mmengine - INFO - Epoch(train) [25][ 20/173]  lr: 1.0000e-03  eta: 0:09:04  time: 0.5263  data_time: 0.0009  memory: 10367  loss: 0.3762
2025/06/13 17:33:57 - mmengine - INFO - Epoch(train) [25][ 40/173]  lr: 1.0000e-03  eta: 0:08:53  time: 0.5265  data_time: 0.0009  memory: 10367  loss: 0.3141
2025/06/13 17:34:07 - mmengine - INFO - Epoch(train) [25][ 60/173]  lr: 1.0000e-03  eta: 0:08:43  time: 0.5409  data_time: 0.0012  memory: 10367  loss: 0.3167
2025/06/13 17:34:18 - mmengine - INFO - Epoch(train) [25][ 80/173]  lr: 1.0000e-03  eta: 0:08:32  time: 0.5463  data_time: 0.0009  memory: 10367  loss: 0.3692
2025/06/13 17:34:29 - mmengine - INFO - Epoch(train) [25][100/173]  lr: 1.0000e-03  eta: 0:08:21  time: 0.5329  data_time: 0.0010  memory: 10367  loss: 0.3773
2025/06/13 17:34:39 - mmengine - INFO - Epoch(train) [25][120/173]  lr: 1.0000e-03  eta: 0:08:10  time: 0.5336  data_time: 0.0010  memory: 10367  loss: 0.3479
2025/06/13 17:34:50 - mmengine - INFO - Epoch(train) [25][140/173]  lr: 1.0000e-03  eta: 0:08:00  time: 0.5288  data_time: 0.0009  memory: 10367  loss: 0.3627
2025/06/13 17:35:01 - mmengine - INFO - Epoch(train) [25][160/173]  lr: 1.0000e-03  eta: 0:07:49  time: 0.5307  data_time: 0.0009  memory: 10367  loss: 0.3708
2025/06/13 17:35:07 - mmengine - INFO - Exp name: resnet18_ks_20250613_165346
2025/06/13 17:35:07 - mmengine - INFO - Saving checkpoint at 25 epochs
2025/06/13 17:35:09 - mmengine - INFO - Epoch(val) [25][ 20/154]    eta: 0:00:06  time: 0.0482  data_time: 0.0009  memory: 10367  
2025/06/13 17:35:10 - mmengine - INFO - Epoch(val) [25][ 40/154]    eta: 0:00:04  time: 0.0343  data_time: 0.0004  memory: 577  
2025/06/13 17:35:11 - mmengine - INFO - Epoch(val) [25][ 60/154]    eta: 0:00:03  time: 0.0350  data_time: 0.0004  memory: 577  
2025/06/13 17:35:11 - mmengine - INFO - Epoch(val) [25][ 80/154]    eta: 0:00:02  time: 0.0372  data_time: 0.0004  memory: 577  
2025/06/13 17:35:12 - mmengine - INFO - Epoch(val) [25][100/154]    eta: 0:00:02  time: 0.0344  data_time: 0.0005  memory: 577  
2025/06/13 17:35:13 - mmengine - INFO - Epoch(val) [25][120/154]    eta: 0:00:01  time: 0.0351  data_time: 0.0004  memory: 577  
2025/06/13 17:35:13 - mmengine - INFO - Epoch(val) [25][140/154]    eta: 0:00:00  time: 0.0355  data_time: 0.0004  memory: 577  
2025/06/13 17:35:14 - mmengine - INFO - Epoch(val) [25][154/154]    accuracy/top1: 66.0878  data_time: 0.0013  time: 0.0370
2025/06/13 17:35:25 - mmengine - INFO - Epoch(train) [26][ 20/173]  lr: 1.0000e-03  eta: 0:07:31  time: 0.5297  data_time: 0.0010  memory: 10367  loss: 0.3049
2025/06/13 17:35:36 - mmengine - INFO - Epoch(train) [26][ 40/173]  lr: 1.0000e-03  eta: 0:07:21  time: 0.5311  data_time: 0.0009  memory: 10367  loss: 0.2726
2025/06/13 17:35:47 - mmengine - INFO - Epoch(train) [26][ 60/173]  lr: 1.0000e-03  eta: 0:07:10  time: 0.5304  data_time: 0.0009  memory: 10367  loss: 0.3176
2025/06/13 17:35:58 - mmengine - INFO - Epoch(train) [26][ 80/173]  lr: 1.0000e-03  eta: 0:06:59  time: 0.5386  data_time: 0.0010  memory: 10367  loss: 0.3301
2025/06/13 17:36:08 - mmengine - INFO - Epoch(train) [26][100/173]  lr: 1.0000e-03  eta: 0:06:49  time: 0.5290  data_time: 0.0009  memory: 10367  loss: 0.3206
2025/06/13 17:36:19 - mmengine - INFO - Epoch(train) [26][120/173]  lr: 1.0000e-03  eta: 0:06:38  time: 0.5334  data_time: 0.0009  memory: 10367  loss: 0.3278
2025/06/13 17:36:29 - mmengine - INFO - Epoch(train) [26][140/173]  lr: 1.0000e-03  eta: 0:06:27  time: 0.5298  data_time: 0.0009  memory: 10367  loss: 0.2761
2025/06/13 17:36:40 - mmengine - INFO - Epoch(train) [26][160/173]  lr: 1.0000e-03  eta: 0:06:17  time: 0.5416  data_time: 0.0009  memory: 10367  loss: 0.3243
2025/06/13 17:36:47 - mmengine - INFO - Exp name: resnet18_ks_20250613_165346
2025/06/13 17:36:47 - mmengine - INFO - Saving checkpoint at 26 epochs
2025/06/13 17:36:49 - mmengine - INFO - Epoch(val) [26][ 20/154]    eta: 0:00:07  time: 0.0549  data_time: 0.0010  memory: 10367  
2025/06/13 17:36:49 - mmengine - INFO - Epoch(val) [26][ 40/154]    eta: 0:00:05  time: 0.0338  data_time: 0.0004  memory: 577  
2025/06/13 17:36:50 - mmengine - INFO - Epoch(val) [26][ 60/154]    eta: 0:00:03  time: 0.0346  data_time: 0.0004  memory: 577  
2025/06/13 17:36:51 - mmengine - INFO - Epoch(val) [26][ 80/154]    eta: 0:00:02  time: 0.0341  data_time: 0.0004  memory: 577  
2025/06/13 17:36:51 - mmengine - INFO - Epoch(val) [26][100/154]    eta: 0:00:02  time: 0.0357  data_time: 0.0004  memory: 577  
2025/06/13 17:36:52 - mmengine - INFO - Epoch(val) [26][120/154]    eta: 0:00:01  time: 0.0342  data_time: 0.0004  memory: 577  
2025/06/13 17:36:53 - mmengine - INFO - Epoch(val) [26][140/154]    eta: 0:00:00  time: 0.0360  data_time: 0.0004  memory: 577  
2025/06/13 17:36:53 - mmengine - INFO - Epoch(val) [26][154/154]    accuracy/top1: 67.6739  data_time: 0.0012  time: 0.0372
2025/06/13 17:37:04 - mmengine - INFO - Epoch(train) [27][ 20/173]  lr: 1.0000e-03  eta: 0:05:59  time: 0.5322  data_time: 0.0009  memory: 10367  loss: 0.2949
2025/06/13 17:37:15 - mmengine - INFO - Epoch(train) [27][ 40/173]  lr: 1.0000e-03  eta: 0:05:48  time: 0.5317  data_time: 0.0008  memory: 10367  loss: 0.2668
2025/06/13 17:37:26 - mmengine - INFO - Epoch(train) [27][ 60/173]  lr: 1.0000e-03  eta: 0:05:38  time: 0.5296  data_time: 0.0009  memory: 10367  loss: 0.2568
2025/06/13 17:37:36 - mmengine - INFO - Epoch(train) [27][ 80/173]  lr: 1.0000e-03  eta: 0:05:27  time: 0.5268  data_time: 0.0009  memory: 10367  loss: 0.3047
2025/06/13 17:37:47 - mmengine - INFO - Epoch(train) [27][100/173]  lr: 1.0000e-03  eta: 0:05:16  time: 0.5274  data_time: 0.0009  memory: 10367  loss: 0.3131
2025/06/13 17:37:57 - mmengine - INFO - Epoch(train) [27][120/173]  lr: 1.0000e-03  eta: 0:05:05  time: 0.5279  data_time: 0.0008  memory: 10367  loss: 0.3300
2025/06/13 17:38:08 - mmengine - INFO - Epoch(train) [27][140/173]  lr: 1.0000e-03  eta: 0:04:55  time: 0.5257  data_time: 0.0009  memory: 10367  loss: 0.3002
2025/06/13 17:38:19 - mmengine - INFO - Epoch(train) [27][160/173]  lr: 1.0000e-03  eta: 0:04:44  time: 0.5300  data_time: 0.0010  memory: 10367  loss: 0.2542
2025/06/13 17:38:25 - mmengine - INFO - Exp name: resnet18_ks_20250613_165346
2025/06/13 17:38:25 - mmengine - INFO - Saving checkpoint at 27 epochs
2025/06/13 17:38:27 - mmengine - INFO - Epoch(val) [27][ 20/154]    eta: 0:00:06  time: 0.0454  data_time: 0.0009  memory: 10367  
2025/06/13 17:38:28 - mmengine - INFO - Epoch(val) [27][ 40/154]    eta: 0:00:04  time: 0.0342  data_time: 0.0004  memory: 577  
2025/06/13 17:38:29 - mmengine - INFO - Epoch(val) [27][ 60/154]    eta: 0:00:03  time: 0.0341  data_time: 0.0004  memory: 577  
2025/06/13 17:38:29 - mmengine - INFO - Epoch(val) [27][ 80/154]    eta: 0:00:02  time: 0.0335  data_time: 0.0004  memory: 577  
2025/06/13 17:38:30 - mmengine - INFO - Epoch(val) [27][100/154]    eta: 0:00:02  time: 0.0339  data_time: 0.0004  memory: 577  
2025/06/13 17:38:31 - mmengine - INFO - Epoch(val) [27][120/154]    eta: 0:00:01  time: 0.0343  data_time: 0.0004  memory: 577  
2025/06/13 17:38:31 - mmengine - INFO - Epoch(val) [27][140/154]    eta: 0:00:00  time: 0.0338  data_time: 0.0004  memory: 577  
2025/06/13 17:38:32 - mmengine - INFO - Epoch(val) [27][154/154]    accuracy/top1: 68.4059  data_time: 0.0013  time: 0.0362
2025/06/13 17:38:43 - mmengine - INFO - Epoch(train) [28][ 20/173]  lr: 1.0000e-03  eta: 0:04:26  time: 0.5319  data_time: 0.0012  memory: 10367  loss: 0.2566
2025/06/13 17:38:54 - mmengine - INFO - Epoch(train) [28][ 40/173]  lr: 1.0000e-03  eta: 0:04:16  time: 0.5330  data_time: 0.0010  memory: 10367  loss: 0.2517
2025/06/13 17:39:04 - mmengine - INFO - Epoch(train) [28][ 60/173]  lr: 1.0000e-03  eta: 0:04:05  time: 0.5321  data_time: 0.0011  memory: 10367  loss: 0.2669
2025/06/13 17:39:15 - mmengine - INFO - Epoch(train) [28][ 80/173]  lr: 1.0000e-03  eta: 0:03:54  time: 0.5362  data_time: 0.0009  memory: 10367  loss: 0.2262
2025/06/13 17:39:26 - mmengine - INFO - Epoch(train) [28][100/173]  lr: 1.0000e-03  eta: 0:03:44  time: 0.5461  data_time: 0.0012  memory: 10367  loss: 0.2612
2025/06/13 17:39:37 - mmengine - INFO - Epoch(train) [28][120/173]  lr: 1.0000e-03  eta: 0:03:33  time: 0.5438  data_time: 0.0012  memory: 10367  loss: 0.2722
2025/06/13 17:39:47 - mmengine - INFO - Epoch(train) [28][140/173]  lr: 1.0000e-03  eta: 0:03:22  time: 0.5266  data_time: 0.0008  memory: 10367  loss: 0.2903
2025/06/13 17:39:58 - mmengine - INFO - Epoch(train) [28][160/173]  lr: 1.0000e-03  eta: 0:03:11  time: 0.5250  data_time: 0.0009  memory: 10367  loss: 0.3007
2025/06/13 17:40:04 - mmengine - INFO - Exp name: resnet18_ks_20250613_165346
2025/06/13 17:40:04 - mmengine - INFO - Saving checkpoint at 28 epochs
2025/06/13 17:40:06 - mmengine - INFO - Epoch(val) [28][ 20/154]    eta: 0:00:05  time: 0.0357  data_time: 0.0004  memory: 10367  
2025/06/13 17:40:07 - mmengine - INFO - Epoch(val) [28][ 40/154]    eta: 0:00:04  time: 0.0336  data_time: 0.0004  memory: 577  
2025/06/13 17:40:07 - mmengine - INFO - Epoch(val) [28][ 60/154]    eta: 0:00:03  time: 0.0343  data_time: 0.0004  memory: 577  
2025/06/13 17:40:08 - mmengine - INFO - Epoch(val) [28][ 80/154]    eta: 0:00:02  time: 0.0338  data_time: 0.0004  memory: 577  
2025/06/13 17:40:09 - mmengine - INFO - Epoch(val) [28][100/154]    eta: 0:00:01  time: 0.0335  data_time: 0.0004  memory: 577  
2025/06/13 17:40:10 - mmengine - INFO - Epoch(val) [28][120/154]    eta: 0:00:01  time: 0.0571  data_time: 0.0009  memory: 577  
2025/06/13 17:40:11 - mmengine - INFO - Epoch(val) [28][140/154]    eta: 0:00:00  time: 0.0484  data_time: 0.0011  memory: 577  
2025/06/13 17:40:11 - mmengine - INFO - Epoch(val) [28][154/154]    accuracy/top1: 69.3412  data_time: 0.0013  time: 0.0387
2025/06/13 17:40:22 - mmengine - INFO - Epoch(train) [29][ 20/173]  lr: 1.0000e-03  eta: 0:02:54  time: 0.5301  data_time: 0.0009  memory: 10367  loss: 0.2441
2025/06/13 17:40:33 - mmengine - INFO - Epoch(train) [29][ 40/173]  lr: 1.0000e-03  eta: 0:02:43  time: 0.5301  data_time: 0.0008  memory: 10367  loss: 0.2435
2025/06/13 17:40:44 - mmengine - INFO - Epoch(train) [29][ 60/173]  lr: 1.0000e-03  eta: 0:02:32  time: 0.5302  data_time: 0.0008  memory: 10367  loss: 0.2541
2025/06/13 17:40:54 - mmengine - INFO - Epoch(train) [29][ 80/173]  lr: 1.0000e-03  eta: 0:02:22  time: 0.5244  data_time: 0.0008  memory: 10367  loss: 0.1910
2025/06/13 17:41:05 - mmengine - INFO - Epoch(train) [29][100/173]  lr: 1.0000e-03  eta: 0:02:11  time: 0.5248  data_time: 0.0009  memory: 10367  loss: 0.2702
2025/06/13 17:41:15 - mmengine - INFO - Epoch(train) [29][120/173]  lr: 1.0000e-03  eta: 0:02:00  time: 0.5280  data_time: 0.0009  memory: 10367  loss: 0.2509
2025/06/13 17:41:26 - mmengine - INFO - Epoch(train) [29][140/173]  lr: 1.0000e-03  eta: 0:01:50  time: 0.5249  data_time: 0.0008  memory: 10367  loss: 0.2171
2025/06/13 17:41:35 - mmengine - INFO - Exp name: resnet18_ks_20250613_165346
2025/06/13 17:41:37 - mmengine - INFO - Epoch(train) [29][160/173]  lr: 1.0000e-03  eta: 0:01:39  time: 0.5247  data_time: 0.0009  memory: 10367  loss: 0.2458
2025/06/13 17:41:43 - mmengine - INFO - Exp name: resnet18_ks_20250613_165346
2025/06/13 17:41:43 - mmengine - INFO - Saving checkpoint at 29 epochs
2025/06/13 17:41:45 - mmengine - INFO - Epoch(val) [29][ 20/154]    eta: 0:00:05  time: 0.0352  data_time: 0.0004  memory: 10367  
2025/06/13 17:41:45 - mmengine - INFO - Epoch(val) [29][ 40/154]    eta: 0:00:04  time: 0.0337  data_time: 0.0004  memory: 577  
2025/06/13 17:41:46 - mmengine - INFO - Epoch(val) [29][ 60/154]    eta: 0:00:03  time: 0.0342  data_time: 0.0004  memory: 577  
2025/06/13 17:41:47 - mmengine - INFO - Epoch(val) [29][ 80/154]    eta: 0:00:02  time: 0.0334  data_time: 0.0004  memory: 577  
2025/06/13 17:41:47 - mmengine - INFO - Epoch(val) [29][100/154]    eta: 0:00:01  time: 0.0337  data_time: 0.0004  memory: 577  
2025/06/13 17:41:48 - mmengine - INFO - Epoch(val) [29][120/154]    eta: 0:00:01  time: 0.0347  data_time: 0.0004  memory: 577  
2025/06/13 17:41:49 - mmengine - INFO - Epoch(val) [29][140/154]    eta: 0:00:00  time: 0.0347  data_time: 0.0004  memory: 577  
2025/06/13 17:41:49 - mmengine - INFO - Epoch(val) [29][154/154]    accuracy/top1: 68.2839  data_time: 0.0012  time: 0.0350
2025/06/13 17:42:00 - mmengine - INFO - Epoch(train) [30][ 20/173]  lr: 1.0000e-03  eta: 0:01:21  time: 0.5253  data_time: 0.0008  memory: 10367  loss: 0.2388
2025/06/13 17:42:11 - mmengine - INFO - Epoch(train) [30][ 40/173]  lr: 1.0000e-03  eta: 0:01:11  time: 0.5250  data_time: 0.0008  memory: 10367  loss: 0.2043
2025/06/13 17:42:21 - mmengine - INFO - Epoch(train) [30][ 60/173]  lr: 1.0000e-03  eta: 0:01:00  time: 0.5247  data_time: 0.0008  memory: 10367  loss: 0.1995
2025/06/13 17:42:32 - mmengine - INFO - Epoch(train) [30][ 80/173]  lr: 1.0000e-03  eta: 0:00:49  time: 0.5494  data_time: 0.0015  memory: 10367  loss: 0.2443
2025/06/13 17:42:43 - mmengine - INFO - Epoch(train) [30][100/173]  lr: 1.0000e-03  eta: 0:00:39  time: 0.5334  data_time: 0.0008  memory: 10367  loss: 0.1944
2025/06/13 17:42:53 - mmengine - INFO - Epoch(train) [30][120/173]  lr: 1.0000e-03  eta: 0:00:28  time: 0.5246  data_time: 0.0008  memory: 10367  loss: 0.2184
2025/06/13 17:43:04 - mmengine - INFO - Epoch(train) [30][140/173]  lr: 1.0000e-03  eta: 0:00:17  time: 0.5338  data_time: 0.0016  memory: 10367  loss: 0.2103
2025/06/13 17:43:15 - mmengine - INFO - Epoch(train) [30][160/173]  lr: 1.0000e-03  eta: 0:00:06  time: 0.5247  data_time: 0.0008  memory: 10367  loss: 0.2423
2025/06/13 17:43:21 - mmengine - INFO - Exp name: resnet18_ks_20250613_165346
2025/06/13 17:43:21 - mmengine - INFO - Saving checkpoint at 30 epochs
2025/06/13 17:43:23 - mmengine - INFO - Epoch(val) [30][ 20/154]    eta: 0:00:05  time: 0.0353  data_time: 0.0004  memory: 10367  
2025/06/13 17:43:23 - mmengine - INFO - Epoch(val) [30][ 40/154]    eta: 0:00:04  time: 0.0337  data_time: 0.0004  memory: 577  
2025/06/13 17:43:24 - mmengine - INFO - Epoch(val) [30][ 60/154]    eta: 0:00:03  time: 0.0342  data_time: 0.0004  memory: 577  
2025/06/13 17:43:25 - mmengine - INFO - Epoch(val) [30][ 80/154]    eta: 0:00:02  time: 0.0336  data_time: 0.0004  memory: 577  
2025/06/13 17:43:25 - mmengine - INFO - Epoch(val) [30][100/154]    eta: 0:00:01  time: 0.0339  data_time: 0.0004  memory: 577  
2025/06/13 17:43:26 - mmengine - INFO - Epoch(val) [30][120/154]    eta: 0:00:01  time: 0.0338  data_time: 0.0004  memory: 577  
2025/06/13 17:43:27 - mmengine - INFO - Epoch(val) [30][140/154]    eta: 0:00:00  time: 0.0343  data_time: 0.0004  memory: 577  
2025/06/13 17:43:27 - mmengine - INFO - Epoch(val) [30][154/154]    accuracy/top1: 68.8125  data_time: 0.0012  time: 0.0349
